0 verbose cli /data/data/com.termux/files/usr/bin/node /data/data/com.termux/files/usr/bin/npm
1 info using npm@10.9.3
2 info using node@v22.19.0
3 silly config load:file:/data/data/com.termux/files/usr/lib/node_modules/npm/npmrc
4 silly config load:file:/data/data/com.termux/files/home/.npmrc
5 silly config load:file:/data/data/com.termux/files/usr/etc/npmrc
6 verbose title npm install serve
7 verbose argv "install" "--global" "serve"
8 verbose logfile logs-max:10 dir:/data/data/com.termux/files/home/.npm/_logs/2025-09-01T11_17_19_114Z-
9 verbose logfile /data/data/com.termux/files/home/.npm/_logs/2025-09-01T11_17_19_114Z-debug-0.log
10 silly packumentCache heap:1098907648 maxSize:274726912 maxEntrySize:137363456
11 silly logfile start cleaning logs, removing 1 files
12 silly logfile done cleaning log files
13 silly idealTree buildDeps
14 silly fetch manifest serve@*
15 silly packumentCache full:https://registry.npmjs.org/serve cache-miss
16 http fetch GET 200 https://registry.npmjs.org/serve 2603ms (cache miss)
17 silly packumentCache full:https://registry.npmjs.org/serve set size:undefined disposed:false
18 silly placeDep ROOT serve@14.2.4 OK for:  want: *
19 silly fetch manifest ajv@8.12.0
20 silly packumentCache full:https://registry.npmjs.org/ajv cache-miss
21 silly fetch manifest arg@5.0.2
22 silly packumentCache full:https://registry.npmjs.org/arg cache-miss
23 silly fetch manifest boxen@7.0.0
24 silly packumentCache full:https://registry.npmjs.org/boxen cache-miss
25 silly fetch manifest chalk@5.0.1
26 silly packumentCache full:https://registry.npmjs.org/chalk cache-miss
27 silly fetch manifest clipboardy@3.0.0
28 silly packumentCache full:https://registry.npmjs.org/clipboardy cache-miss
29 silly fetch manifest compression@1.7.4
30 silly packumentCache full:https://registry.npmjs.org/compression cache-miss
31 silly fetch manifest update-check@1.5.4
32 silly packumentCache full:https://registry.npmjs.org/update-check cache-miss
33 http fetch GET 200 https://registry.npmjs.org/arg 228ms (cache miss)
34 silly packumentCache full:https://registry.npmjs.org/arg set size:undefined disposed:false
35 silly fetch manifest @zeit/schemas@2.36.0
36 silly packumentCache full:https://registry.npmjs.org/@zeit%2fschemas cache-miss
37 http fetch GET 200 https://registry.npmjs.org/@zeit%2fschemas 205ms (cache miss)
38 silly packumentCache full:https://registry.npmjs.org/@zeit%2fschemas set size:undefined disposed:false
39 silly fetch manifest serve-handler@6.1.6
40 silly packumentCache full:https://registry.npmjs.org/serve-handler cache-miss
41 http fetch GET 200 https://registry.npmjs.org/clipboardy 656ms (cache miss)
42 silly packumentCache full:https://registry.npmjs.org/clipboardy set size:undefined disposed:false
43 silly fetch manifest chalk-template@0.4.0
44 silly packumentCache full:https://registry.npmjs.org/chalk-template cache-miss
45 http fetch GET 200 https://registry.npmjs.org/boxen 670ms (cache miss)
46 silly packumentCache full:https://registry.npmjs.org/boxen set size:undefined disposed:false
47 silly fetch manifest is-port-reachable@4.0.0
48 silly packumentCache full:https://registry.npmjs.org/is-port-reachable cache-miss
49 http fetch GET 200 https://registry.npmjs.org/chalk 715ms (cache miss)
50 silly packumentCache full:https://registry.npmjs.org/chalk set size:undefined disposed:false
51 http fetch GET 200 https://registry.npmjs.org/update-check 718ms (cache miss)
52 silly packumentCache full:https://registry.npmjs.org/update-check set size:undefined disposed:false
53 http fetch GET 200 https://registry.npmjs.org/compression 726ms (cache miss)
54 silly packumentCache full:https://registry.npmjs.org/compression set size:undefined disposed:false
55 http fetch GET 200 https://registry.npmjs.org/serve-handler 311ms (cache miss)
56 silly packumentCache full:https://registry.npmjs.org/serve-handler set size:undefined disposed:false
57 http fetch GET 200 https://registry.npmjs.org/ajv 811ms (cache miss)
58 silly packumentCache full:https://registry.npmjs.org/ajv set size:undefined disposed:false
59 http fetch GET 200 https://registry.npmjs.org/chalk-template 234ms (cache miss)
60 silly packumentCache full:https://registry.npmjs.org/chalk-template set size:undefined disposed:false
61 http fetch GET 200 https://registry.npmjs.org/is-port-reachable 227ms (cache miss)
62 silly packumentCache full:https://registry.npmjs.org/is-port-reachable set size:undefined disposed:false
63 silly placeDep node_modules/serve @zeit/schemas@2.36.0 OK for: serve@14.2.4 want: 2.36.0
64 silly placeDep node_modules/serve ajv@8.12.0 OK for: serve@14.2.4 want: 8.12.0
65 silly placeDep node_modules/serve arg@5.0.2 OK for: serve@14.2.4 want: 5.0.2
66 silly placeDep node_modules/serve boxen@7.0.0 OK for: serve@14.2.4 want: 7.0.0
67 silly placeDep node_modules/serve chalk@5.0.1 OK for: serve@14.2.4 want: 5.0.1
68 silly placeDep node_modules/serve chalk-template@0.4.0 OK for: serve@14.2.4 want: 0.4.0
69 silly placeDep node_modules/serve clipboardy@3.0.0 OK for: serve@14.2.4 want: 3.0.0
70 silly placeDep node_modules/serve compression@1.7.4 OK for: serve@14.2.4 want: 1.7.4
71 silly placeDep node_modules/serve is-port-reachable@4.0.0 OK for: serve@14.2.4 want: 4.0.0
72 silly placeDep node_modules/serve serve-handler@6.1.6 OK for: serve@14.2.4 want: 6.1.6
73 silly placeDep node_modules/serve update-check@1.5.4 OK for: serve@14.2.4 want: 1.5.4
74 silly fetch manifest uri-js@^4.2.2
75 silly packumentCache full:https://registry.npmjs.org/uri-js cache-miss
76 silly fetch manifest fast-deep-equal@^3.1.1
77 silly packumentCache full:https://registry.npmjs.org/fast-deep-equal cache-miss
78 silly fetch manifest require-from-string@^2.0.2
79 silly packumentCache full:https://registry.npmjs.org/require-from-string cache-miss
80 silly fetch manifest json-schema-traverse@^1.0.0
81 silly packumentCache full:https://registry.npmjs.org/json-schema-traverse cache-miss
82 silly fetch manifest chalk@^5.0.1
83 silly packumentCache full:https://registry.npmjs.org/chalk cache-miss
84 silly fetch manifest camelcase@^7.0.0
85 silly packumentCache full:https://registry.npmjs.org/camelcase cache-miss
86 silly fetch manifest cli-boxes@^3.0.0
87 silly packumentCache full:https://registry.npmjs.org/cli-boxes cache-miss
88 http cache https://registry.npmjs.org/chalk 59ms (cache hit)
89 silly packumentCache full:https://registry.npmjs.org/chalk set size:127489 disposed:false
90 silly fetch manifest type-fest@^2.13.0
91 silly packumentCache full:https://registry.npmjs.org/type-fest cache-miss
92 http fetch GET 200 https://registry.npmjs.org/require-from-string 127ms (cache miss)
93 silly packumentCache full:https://registry.npmjs.org/require-from-string set size:undefined disposed:false
94 silly fetch manifest wrap-ansi@^8.0.1
95 silly packumentCache full:https://registry.npmjs.org/wrap-ansi cache-miss
96 http fetch GET 200 https://registry.npmjs.org/json-schema-traverse 189ms (cache miss)
97 silly packumentCache full:https://registry.npmjs.org/json-schema-traverse set size:undefined disposed:false
98 silly fetch manifest ansi-align@^3.0.1
99 silly packumentCache full:https://registry.npmjs.org/ansi-align cache-miss
100 http fetch GET 200 https://registry.npmjs.org/uri-js 198ms (cache miss)
101 silly packumentCache full:https://registry.npmjs.org/uri-js set size:undefined disposed:false
102 silly fetch manifest widest-line@^4.0.1
103 silly packumentCache full:https://registry.npmjs.org/widest-line cache-miss
104 http fetch GET 200 https://registry.npmjs.org/cli-boxes 197ms (cache miss)
105 silly packumentCache full:https://registry.npmjs.org/cli-boxes set size:undefined disposed:false
106 silly fetch manifest string-width@^5.1.2
107 silly packumentCache full:https://registry.npmjs.org/string-width cache-miss
108 http fetch GET 200 https://registry.npmjs.org/camelcase 209ms (cache miss)
109 silly packumentCache full:https://registry.npmjs.org/camelcase set size:undefined disposed:false
110 silly fetch manifest chalk@^4.1.2
111 silly packumentCache full:https://registry.npmjs.org/chalk cache-hit
112 silly fetch manifest arch@^2.2.0
113 silly packumentCache full:https://registry.npmjs.org/arch cache-miss
114 http fetch GET 200 https://registry.npmjs.org/fast-deep-equal 225ms (cache miss)
115 silly packumentCache full:https://registry.npmjs.org/fast-deep-equal set size:undefined disposed:false
116 silly fetch manifest execa@^5.1.1
117 silly packumentCache full:https://registry.npmjs.org/execa cache-miss
118 http fetch GET 200 https://registry.npmjs.org/wrap-ansi 142ms (cache revalidated)
119 silly packumentCache full:https://registry.npmjs.org/wrap-ansi set size:51143 disposed:false
120 silly fetch manifest is-wsl@^2.2.0
121 silly packumentCache full:https://registry.npmjs.org/is-wsl cache-miss
122 http fetch GET 200 https://registry.npmjs.org/type-fest 207ms (cache miss)
123 silly packumentCache full:https://registry.npmjs.org/type-fest set size:undefined disposed:false
124 silly fetch manifest vary@~1.1.2
125 silly packumentCache full:https://registry.npmjs.org/vary cache-miss
126 http fetch GET 200 https://registry.npmjs.org/ansi-align 118ms (cache miss)
127 silly packumentCache full:https://registry.npmjs.org/ansi-align set size:undefined disposed:false
128 silly fetch manifest bytes@3.0.0
129 silly packumentCache full:https://registry.npmjs.org/bytes cache-miss
130 http fetch GET 200 https://registry.npmjs.org/widest-line 128ms (cache miss)
131 silly packumentCache full:https://registry.npmjs.org/widest-line set size:undefined disposed:false
132 silly fetch manifest debug@2.6.9
133 silly packumentCache full:https://registry.npmjs.org/debug cache-miss
134 http fetch GET 200 https://registry.npmjs.org/arch 113ms (cache miss)
135 silly packumentCache full:https://registry.npmjs.org/arch set size:undefined disposed:false
136 silly fetch manifest accepts@~1.3.5
137 silly packumentCache full:https://registry.npmjs.org/accepts cache-miss
138 http fetch GET 200 https://registry.npmjs.org/string-width 145ms (cache revalidated)
139 silly packumentCache full:https://registry.npmjs.org/string-width set size:62083 disposed:false
140 silly fetch manifest on-headers@~1.0.2
141 silly packumentCache full:https://registry.npmjs.org/on-headers cache-miss
142 http fetch GET 200 https://registry.npmjs.org/execa 144ms (cache miss)
143 silly packumentCache full:https://registry.npmjs.org/execa set size:undefined disposed:false
144 silly fetch manifest safe-buffer@5.1.2
145 silly packumentCache full:https://registry.npmjs.org/safe-buffer cache-miss
146 http fetch GET 200 https://registry.npmjs.org/vary 106ms (cache revalidated)
147 silly packumentCache full:https://registry.npmjs.org/vary set size:16018 disposed:false
148 silly fetch manifest compressible@~2.0.16
149 silly packumentCache full:https://registry.npmjs.org/compressible cache-miss
150 http fetch GET 200 https://registry.npmjs.org/is-wsl 127ms (cache miss)
151 silly packumentCache full:https://registry.npmjs.org/is-wsl set size:undefined disposed:false
152 silly fetch manifest bytes@3.0.0
153 silly packumentCache full:https://registry.npmjs.org/bytes cache-miss
154 http fetch GET 200 https://registry.npmjs.org/bytes 120ms (cache revalidated)
155 silly packumentCache full:https://registry.npmjs.org/bytes set size:37018 disposed:false
156 silly fetch manifest minimatch@3.1.2
157 silly packumentCache full:https://registry.npmjs.org/minimatch cache-miss
158 http fetch GET 200 https://registry.npmjs.org/debug 130ms (cache revalidated)
159 silly packumentCache full:https://registry.npmjs.org/debug set size:193521 disposed:false
160 silly fetch manifest mime-types@2.1.18
161 silly packumentCache full:https://registry.npmjs.org/mime-types cache-miss
162 http fetch GET 200 https://registry.npmjs.org/accepts 135ms (cache revalidated)
163 silly packumentCache full:https://registry.npmjs.org/accepts set size:77054 disposed:false
164 silly fetch manifest range-parser@1.2.0
165 silly packumentCache full:https://registry.npmjs.org/range-parser cache-miss
166 http fetch GET 200 https://registry.npmjs.org/on-headers 130ms (cache miss)
167 silly packumentCache full:https://registry.npmjs.org/on-headers set size:undefined disposed:false
168 silly fetch manifest path-is-inside@1.0.2
169 silly packumentCache full:https://registry.npmjs.org/path-is-inside cache-miss
170 http fetch GET 200 https://registry.npmjs.org/bytes 100ms (cache revalidated)
171 silly packumentCache full:https://registry.npmjs.org/bytes set size:37018 disposed:false
172 silly packumentCache full:https://registry.npmjs.org/bytes dispose
173 silly fetch manifest path-to-regexp@3.3.0
174 silly packumentCache full:https://registry.npmjs.org/path-to-regexp cache-miss
175 http fetch GET 200 https://registry.npmjs.org/safe-buffer 144ms (cache revalidated)
176 silly packumentCache full:https://registry.npmjs.org/safe-buffer set size:41183 disposed:false
177 silly fetch manifest content-disposition@0.5.2
178 silly packumentCache full:https://registry.npmjs.org/content-disposition cache-miss
179 http fetch GET 200 https://registry.npmjs.org/compressible 148ms (cache miss)
180 silly packumentCache full:https://registry.npmjs.org/compressible set size:undefined disposed:false
181 silly fetch manifest registry-auth-token@3.3.2
182 silly packumentCache full:https://registry.npmjs.org/registry-auth-token cache-miss
183 http fetch GET 200 https://registry.npmjs.org/minimatch 134ms (cache revalidated)
184 silly packumentCache full:https://registry.npmjs.org/minimatch set size:298903 disposed:false
185 silly fetch manifest registry-url@3.1.0
186 silly packumentCache full:https://registry.npmjs.org/registry-url cache-miss
187 http fetch GET 200 https://registry.npmjs.org/mime-types 125ms (cache revalidated)
188 silly packumentCache full:https://registry.npmjs.org/mime-types set size:136716 disposed:false
189 http fetch GET 200 https://registry.npmjs.org/range-parser 127ms (cache revalidated)
190 silly packumentCache full:https://registry.npmjs.org/range-parser set size:22228 disposed:false
191 http fetch GET 200 https://registry.npmjs.org/path-is-inside 118ms (cache miss)
192 silly packumentCache full:https://registry.npmjs.org/path-is-inside set size:undefined disposed:false
193 http fetch GET 200 https://registry.npmjs.org/path-to-regexp 132ms (cache revalidated)
194 silly packumentCache full:https://registry.npmjs.org/path-to-regexp set size:196503 disposed:false
195 http fetch GET 200 https://registry.npmjs.org/content-disposition 133ms (cache revalidated)
196 silly packumentCache full:https://registry.npmjs.org/content-disposition set size:26893 disposed:false
197 http fetch GET 200 https://registry.npmjs.org/registry-url 114ms (cache miss)
198 silly packumentCache full:https://registry.npmjs.org/registry-url set size:undefined disposed:false
199 http fetch GET 200 https://registry.npmjs.org/registry-auth-token 145ms (cache miss)
200 silly packumentCache full:https://registry.npmjs.org/registry-auth-token set size:undefined disposed:false
201 silly placeDep node_modules/serve fast-deep-equal@3.1.3 OK for: ajv@8.12.0 want: ^3.1.1
202 silly placeDep node_modules/serve json-schema-traverse@1.0.0 OK for: ajv@8.12.0 want: ^1.0.0
203 silly placeDep node_modules/serve require-from-string@2.0.2 OK for: ajv@8.12.0 want: ^2.0.2
204 silly placeDep node_modules/serve uri-js@4.4.1 OK for: ajv@8.12.0 want: ^4.2.2
205 silly fetch manifest punycode@^2.1.0
206 silly packumentCache full:https://registry.npmjs.org/punycode cache-miss
207 http fetch GET 200 https://registry.npmjs.org/punycode 135ms (cache miss)
208 silly packumentCache full:https://registry.npmjs.org/punycode set size:undefined disposed:false
209 silly placeDep node_modules/serve ansi-align@3.0.1 OK for: boxen@7.0.0 want: ^3.0.1
210 silly placeDep node_modules/serve camelcase@7.0.1 OK for: boxen@7.0.0 want: ^7.0.0
211 silly placeDep node_modules/serve cli-boxes@3.0.0 OK for: boxen@7.0.0 want: ^3.0.0
212 silly placeDep node_modules/serve string-width@5.1.2 OK for: boxen@7.0.0 want: ^5.1.2
213 silly placeDep node_modules/serve type-fest@2.19.0 OK for: boxen@7.0.0 want: ^2.13.0
214 silly placeDep node_modules/serve widest-line@4.0.1 OK for: boxen@7.0.0 want: ^4.0.1
215 silly placeDep node_modules/serve wrap-ansi@8.1.0 OK for: boxen@7.0.0 want: ^8.0.1
216 silly fetch manifest string-width@^4.1.0
217 silly packumentCache full:https://registry.npmjs.org/string-width cache-hit
218 silly fetch manifest strip-ansi@^7.0.1
219 silly packumentCache full:https://registry.npmjs.org/strip-ansi cache-miss
220 silly fetch manifest emoji-regex@^9.2.2
221 silly packumentCache full:https://registry.npmjs.org/emoji-regex cache-miss
222 silly fetch manifest eastasianwidth@^0.2.0
223 silly packumentCache full:https://registry.npmjs.org/eastasianwidth cache-miss
224 silly fetch manifest ansi-styles@^6.1.0
225 silly packumentCache full:https://registry.npmjs.org/ansi-styles cache-miss
226 silly fetch manifest strip-ansi@^7.0.1
227 silly packumentCache full:https://registry.npmjs.org/strip-ansi cache-miss
228 http fetch GET 200 https://registry.npmjs.org/eastasianwidth 144ms (cache miss)
229 silly packumentCache full:https://registry.npmjs.org/eastasianwidth set size:undefined disposed:false
230 http fetch GET 200 https://registry.npmjs.org/strip-ansi 157ms (cache revalidated)
231 silly packumentCache full:https://registry.npmjs.org/strip-ansi set size:43180 disposed:false
232 http fetch GET 200 https://registry.npmjs.org/strip-ansi 154ms (cache revalidated)
233 silly packumentCache full:https://registry.npmjs.org/strip-ansi set size:43180 disposed:false
234 silly packumentCache full:https://registry.npmjs.org/strip-ansi dispose
235 http fetch GET 200 https://registry.npmjs.org/ansi-styles 172ms (cache revalidated)
236 silly packumentCache full:https://registry.npmjs.org/ansi-styles set size:66356 disposed:false
237 http fetch GET 200 https://registry.npmjs.org/emoji-regex 181ms (cache revalidated)
238 silly packumentCache full:https://registry.npmjs.org/emoji-regex set size:87013 disposed:false
239 silly placeDep node_modules/serve/node_modules/ansi-align string-width@4.2.3 OK for: ansi-align@3.0.1 want: ^4.1.0
240 silly fetch manifest strip-ansi@^6.0.1
241 silly packumentCache full:https://registry.npmjs.org/strip-ansi cache-hit
242 silly fetch manifest emoji-regex@^8.0.0
243 silly packumentCache full:https://registry.npmjs.org/emoji-regex cache-hit
244 silly fetch manifest is-fullwidth-code-point@^3.0.0
245 silly packumentCache full:https://registry.npmjs.org/is-fullwidth-code-point cache-miss
246 http fetch GET 200 https://registry.npmjs.org/is-fullwidth-code-point 136ms (cache revalidated)
247 silly packumentCache full:https://registry.npmjs.org/is-fullwidth-code-point set size:14578 disposed:false
248 silly placeDep node_modules/serve/node_modules/chalk-template chalk@4.1.2 OK for: chalk-template@0.4.0 want: ^4.1.2
249 silly fetch manifest ansi-styles@^4.1.0
250 silly packumentCache full:https://registry.npmjs.org/ansi-styles cache-hit
251 silly fetch manifest supports-color@^7.1.0
252 silly packumentCache full:https://registry.npmjs.org/supports-color cache-miss
253 http fetch GET 200 https://registry.npmjs.org/supports-color 190ms (cache miss)
254 silly packumentCache full:https://registry.npmjs.org/supports-color set size:undefined disposed:false
255 silly placeDep node_modules/serve arch@2.2.0 OK for: clipboardy@3.0.0 want: ^2.2.0
256 silly placeDep node_modules/serve execa@5.1.1 OK for: clipboardy@3.0.0 want: ^5.1.1
257 silly placeDep node_modules/serve is-wsl@2.2.0 OK for: clipboardy@3.0.0 want: ^2.2.0
258 silly fetch manifest onetime@^5.1.2
259 silly packumentCache full:https://registry.npmjs.org/onetime cache-miss
260 silly fetch manifest is-stream@^2.0.0
261 silly packumentCache full:https://registry.npmjs.org/is-stream cache-miss
262 silly fetch manifest get-stream@^6.0.0
263 silly packumentCache full:https://registry.npmjs.org/get-stream cache-miss
264 silly fetch manifest cross-spawn@^7.0.3
265 silly packumentCache full:https://registry.npmjs.org/cross-spawn cache-miss
266 silly fetch manifest signal-exit@^3.0.3
267 silly packumentCache full:https://registry.npmjs.org/signal-exit cache-miss
268 silly fetch manifest merge-stream@^2.0.0
269 silly packumentCache full:https://registry.npmjs.org/merge-stream cache-miss
270 silly fetch manifest npm-run-path@^4.0.1
271 silly packumentCache full:https://registry.npmjs.org/npm-run-path cache-miss
272 http fetch GET 200 https://registry.npmjs.org/is-stream 172ms (cache miss)
273 silly packumentCache full:https://registry.npmjs.org/is-stream set size:undefined disposed:false
274 silly fetch manifest human-signals@^2.1.0
275 silly packumentCache full:https://registry.npmjs.org/human-signals cache-miss
276 http fetch GET 200 https://registry.npmjs.org/get-stream 177ms (cache revalidated)
277 silly packumentCache full:https://registry.npmjs.org/get-stream set size:57536 disposed:false
278 silly fetch manifest strip-final-newline@^2.0.0
279 silly packumentCache full:https://registry.npmjs.org/strip-final-newline cache-miss
280 http fetch GET 200 https://registry.npmjs.org/signal-exit 184ms (cache revalidated)
281 silly packumentCache full:https://registry.npmjs.org/signal-exit set size:53489 disposed:false
282 silly fetch manifest is-docker@^2.0.0
283 silly packumentCache full:https://registry.npmjs.org/is-docker cache-miss
284 http fetch GET 200 https://registry.npmjs.org/onetime 218ms (cache miss)
285 silly packumentCache full:https://registry.npmjs.org/onetime set size:undefined disposed:false
286 http fetch GET 200 https://registry.npmjs.org/npm-run-path 211ms (cache miss)
287 silly packumentCache full:https://registry.npmjs.org/npm-run-path set size:undefined disposed:false
288 http fetch GET 200 https://registry.npmjs.org/merge-stream 217ms (cache miss)
289 silly packumentCache full:https://registry.npmjs.org/merge-stream set size:undefined disposed:false
290 http fetch GET 200 https://registry.npmjs.org/cross-spawn 227ms (cache miss)
291 silly packumentCache full:https://registry.npmjs.org/cross-spawn set size:undefined disposed:false
292 http fetch GET 200 https://registry.npmjs.org/human-signals 152ms (cache miss)
293 silly packumentCache full:https://registry.npmjs.org/human-signals set size:undefined disposed:false
294 http fetch GET 200 https://registry.npmjs.org/strip-final-newline 151ms (cache miss)
295 silly packumentCache full:https://registry.npmjs.org/strip-final-newline set size:undefined disposed:false
296 http fetch GET 200 https://registry.npmjs.org/is-docker 148ms (cache miss)
297 silly packumentCache full:https://registry.npmjs.org/is-docker set size:undefined disposed:false
298 silly placeDep node_modules/serve accepts@1.3.8 OK for: compression@1.7.4 want: ~1.3.5
299 silly placeDep node_modules/serve bytes@3.0.0 OK for: compression@1.7.4 want: 3.0.0
300 silly placeDep node_modules/serve compressible@2.0.18 OK for: compression@1.7.4 want: ~2.0.16
301 silly placeDep node_modules/serve debug@2.6.9 OK for: compression@1.7.4 want: 2.6.9
302 silly placeDep node_modules/serve on-headers@1.0.2 OK for: compression@1.7.4 want: ~1.0.2
303 silly placeDep node_modules/serve safe-buffer@5.1.2 OK for: compression@1.7.4 want: 5.1.2
304 silly placeDep node_modules/serve vary@1.1.2 OK for: compression@1.7.4 want: ~1.1.2
305 silly fetch manifest mime-types@~2.1.34
306 silly packumentCache full:https://registry.npmjs.org/mime-types cache-hit
307 silly fetch manifest negotiator@0.6.3
308 silly packumentCache full:https://registry.npmjs.org/negotiator cache-miss
309 silly fetch manifest mime-db@>= 1.43.0 < 2
310 silly packumentCache full:https://registry.npmjs.org/mime-db cache-miss
311 silly fetch manifest ms@2.0.0
312 silly packumentCache full:https://registry.npmjs.org/ms cache-miss
313 http fetch GET 200 https://registry.npmjs.org/ms 564ms (cache revalidated)
314 silly packumentCache full:https://registry.npmjs.org/ms set size:92299 disposed:false
315 http fetch GET 200 https://registry.npmjs.org/mime-db 586ms (cache revalidated)
316 silly packumentCache full:https://registry.npmjs.org/mime-db set size:164953 disposed:false
317 http fetch GET 200 https://registry.npmjs.org/negotiator 616ms (cache revalidated)
318 silly packumentCache full:https://registry.npmjs.org/negotiator set size:48046 disposed:false
319 silly placeDep node_modules/serve mime-types@2.1.35 OK for: accepts@1.3.8 want: ~2.1.34
320 silly placeDep node_modules/serve negotiator@0.6.3 OK for: accepts@1.3.8 want: 0.6.3
321 silly fetch manifest mime-db@1.52.0
322 silly packumentCache full:https://registry.npmjs.org/mime-db cache-hit
323 silly placeDep node_modules/serve mime-db@1.54.0 OK for: compressible@2.0.18 want: >= 1.43.0 < 2
324 silly placeDep node_modules/serve ms@2.0.0 OK for: debug@2.6.9 want: 2.0.0
325 silly placeDep node_modules/serve cross-spawn@7.0.6 OK for: execa@5.1.1 want: ^7.0.3
326 silly placeDep node_modules/serve get-stream@6.0.1 OK for: execa@5.1.1 want: ^6.0.0
327 silly placeDep node_modules/serve human-signals@2.1.0 OK for: execa@5.1.1 want: ^2.1.0
328 silly placeDep node_modules/serve is-stream@2.0.1 OK for: execa@5.1.1 want: ^2.0.0
329 silly placeDep node_modules/serve merge-stream@2.0.0 OK for: execa@5.1.1 want: ^2.0.0
330 silly placeDep node_modules/serve npm-run-path@4.0.1 OK for: execa@5.1.1 want: ^4.0.1
331 silly placeDep node_modules/serve onetime@5.1.2 OK for: execa@5.1.1 want: ^5.1.2
332 silly placeDep node_modules/serve signal-exit@3.0.7 OK for: execa@5.1.1 want: ^3.0.3
333 silly placeDep node_modules/serve strip-final-newline@2.0.0 OK for: execa@5.1.1 want: ^2.0.0
334 silly fetch manifest which@^2.0.1
335 silly packumentCache full:https://registry.npmjs.org/which cache-miss
336 silly fetch manifest path-key@^3.1.0
337 silly packumentCache full:https://registry.npmjs.org/path-key cache-miss
338 silly fetch manifest shebang-command@^2.0.0
339 silly packumentCache full:https://registry.npmjs.org/shebang-command cache-miss
340 silly fetch manifest path-key@^3.0.0
341 silly packumentCache full:https://registry.npmjs.org/path-key cache-miss
342 silly fetch manifest mimic-fn@^2.1.0
343 silly packumentCache full:https://registry.npmjs.org/mimic-fn cache-miss
344 http fetch GET 200 https://registry.npmjs.org/shebang-command 133ms (cache miss)
345 silly packumentCache full:https://registry.npmjs.org/shebang-command set size:undefined disposed:false
346 http fetch GET 200 https://registry.npmjs.org/path-key 145ms (cache miss)
347 silly packumentCache full:https://registry.npmjs.org/path-key set size:undefined disposed:false
348 http fetch GET 200 https://registry.npmjs.org/path-key 146ms (cache miss)
349 silly packumentCache full:https://registry.npmjs.org/path-key set size:undefined disposed:false
350 http fetch GET 200 https://registry.npmjs.org/mimic-fn 147ms (cache miss)
351 silly packumentCache full:https://registry.npmjs.org/mimic-fn set size:undefined disposed:false
352 http fetch GET 200 https://registry.npmjs.org/which 158ms (cache revalidated)
353 silly packumentCache full:https://registry.npmjs.org/which set size:62722 disposed:false
354 silly placeDep node_modules/serve path-key@3.1.1 OK for: cross-spawn@7.0.6 want: ^3.1.0
355 silly placeDep node_modules/serve shebang-command@2.0.0 OK for: cross-spawn@7.0.6 want: ^2.0.0
356 silly placeDep node_modules/serve which@2.0.2 OK for: cross-spawn@7.0.6 want: ^2.0.1
357 silly fetch manifest shebang-regex@^3.0.0
358 silly packumentCache full:https://registry.npmjs.org/shebang-regex cache-miss
359 silly fetch manifest isexe@^2.0.0
360 silly packumentCache full:https://registry.npmjs.org/isexe cache-miss
361 http fetch GET 200 https://registry.npmjs.org/shebang-regex 146ms (cache miss)
362 silly packumentCache full:https://registry.npmjs.org/shebang-regex set size:undefined disposed:false
363 http fetch GET 200 https://registry.npmjs.org/isexe 151ms (cache revalidated)
364 silly packumentCache full:https://registry.npmjs.org/isexe set size:19340 disposed:false
365 silly placeDep node_modules/serve is-docker@2.2.1 OK for: is-wsl@2.2.0 want: ^2.0.0
366 silly placeDep node_modules/serve/node_modules/mime-types mime-db@1.52.0 OK for: mime-types@2.1.35 want: 1.52.0
367 silly placeDep node_modules/serve mimic-fn@2.1.0 OK for: onetime@5.1.2 want: ^2.1.0
368 silly placeDep node_modules/serve content-disposition@0.5.2 OK for: serve-handler@6.1.6 want: 0.5.2
369 silly placeDep node_modules/serve/node_modules/serve-handler mime-types@2.1.18 OK for: serve-handler@6.1.6 want: 2.1.18
370 silly placeDep node_modules/serve minimatch@3.1.2 OK for: serve-handler@6.1.6 want: 3.1.2
371 silly placeDep node_modules/serve path-is-inside@1.0.2 OK for: serve-handler@6.1.6 want: 1.0.2
372 silly placeDep node_modules/serve path-to-regexp@3.3.0 OK for: serve-handler@6.1.6 want: 3.3.0
373 silly placeDep node_modules/serve range-parser@1.2.0 OK for: serve-handler@6.1.6 want: 1.2.0
374 silly fetch manifest mime-db@~1.33.0
375 silly packumentCache full:https://registry.npmjs.org/mime-db cache-hit
376 silly fetch manifest brace-expansion@^1.1.7
377 silly packumentCache full:https://registry.npmjs.org/brace-expansion cache-miss
378 http fetch GET 200 https://registry.npmjs.org/brace-expansion 131ms (cache revalidated)
379 silly packumentCache full:https://registry.npmjs.org/brace-expansion set size:46250 disposed:false
380 silly placeDep node_modules/serve brace-expansion@1.1.12 OK for: minimatch@3.1.2 want: ^1.1.7
381 silly fetch manifest balanced-match@^1.0.0
382 silly packumentCache full:https://registry.npmjs.org/balanced-match cache-miss
383 silly fetch manifest concat-map@0.0.1
384 silly packumentCache full:https://registry.npmjs.org/concat-map cache-miss
385 http fetch GET 200 https://registry.npmjs.org/concat-map 128ms (cache revalidated)
386 silly packumentCache full:https://registry.npmjs.org/concat-map set size:9290 disposed:false
387 http fetch GET 200 https://registry.npmjs.org/balanced-match 138ms (cache revalidated)
388 silly packumentCache full:https://registry.npmjs.org/balanced-match set size:33860 disposed:false
389 silly placeDep node_modules/serve balanced-match@1.0.2 OK for: brace-expansion@1.1.12 want: ^1.0.0
390 silly placeDep node_modules/serve concat-map@0.0.1 OK for: brace-expansion@1.1.12 want: 0.0.1
391 silly placeDep node_modules/serve shebang-regex@3.0.0 OK for: shebang-command@2.0.0 want: ^3.0.0
392 silly placeDep node_modules/serve eastasianwidth@0.2.0 OK for: string-width@5.1.2 want: ^0.2.0
393 silly placeDep node_modules/serve emoji-regex@9.2.2 OK for: string-width@5.1.2 want: ^9.2.2
394 silly placeDep node_modules/serve strip-ansi@7.1.0 OK for: string-width@5.1.2 want: ^7.0.1
395 silly fetch manifest ansi-regex@^6.0.1
396 silly packumentCache full:https://registry.npmjs.org/ansi-regex cache-miss
397 http fetch GET 200 https://registry.npmjs.org/ansi-regex 114ms (cache revalidated)
398 silly packumentCache full:https://registry.npmjs.org/ansi-regex set size:44174 disposed:false
399 silly placeDep node_modules/serve ansi-regex@6.2.0 OK for: strip-ansi@7.1.0 want: ^6.0.1
400 silly placeDep node_modules/serve registry-auth-token@3.3.2 OK for: update-check@1.5.4 want: 3.3.2
401 silly placeDep node_modules/serve registry-url@3.1.0 OK for: update-check@1.5.4 want: 3.1.0
402 silly fetch manifest rc@^1.1.6
403 silly packumentCache full:https://registry.npmjs.org/rc cache-miss
404 silly fetch manifest rc@^1.0.1
405 silly packumentCache full:https://registry.npmjs.org/rc cache-miss
406 http fetch GET 200 https://registry.npmjs.org/rc 127ms (cache revalidated)
407 silly packumentCache full:https://registry.npmjs.org/rc set size:70417 disposed:false
408 http fetch GET 200 https://registry.npmjs.org/rc 139ms (cache revalidated)
409 silly packumentCache full:https://registry.npmjs.org/rc set size:70417 disposed:false
410 silly packumentCache full:https://registry.npmjs.org/rc dispose
411 silly placeDep node_modules/serve rc@1.2.8 OK for: registry-auth-token@3.3.2 want: ^1.1.6
412 silly fetch manifest ini@~1.3.0
413 silly packumentCache full:https://registry.npmjs.org/ini cache-miss
414 silly fetch manifest minimist@^1.2.0
415 silly packumentCache full:https://registry.npmjs.org/minimist cache-miss
416 silly fetch manifest deep-extend@^0.6.0
417 silly packumentCache full:https://registry.npmjs.org/deep-extend cache-miss
418 silly fetch manifest strip-json-comments@~2.0.1
419 silly packumentCache full:https://registry.npmjs.org/strip-json-comments cache-miss
420 http fetch GET 200 https://registry.npmjs.org/deep-extend 153ms (cache revalidated)
421 silly packumentCache full:https://registry.npmjs.org/deep-extend set size:34472 disposed:false
422 http fetch GET 200 https://registry.npmjs.org/minimist 165ms (cache revalidated)
423 silly packumentCache full:https://registry.npmjs.org/minimist set size:77097 disposed:false
424 http fetch GET 200 https://registry.npmjs.org/strip-json-comments 176ms (cache revalidated)
425 silly packumentCache full:https://registry.npmjs.org/strip-json-comments set size:43569 disposed:false
426 http fetch GET 200 https://registry.npmjs.org/ini 199ms (cache revalidated)
427 silly packumentCache full:https://registry.npmjs.org/ini set size:54653 disposed:false
428 silly placeDep node_modules/serve deep-extend@0.6.0 OK for: rc@1.2.8 want: ^0.6.0
429 silly placeDep node_modules/serve ini@1.3.8 OK for: rc@1.2.8 want: ~1.3.0
430 silly placeDep node_modules/serve minimist@1.2.8 OK for: rc@1.2.8 want: ^1.2.0
431 silly placeDep node_modules/serve strip-json-comments@2.0.1 OK for: rc@1.2.8 want: ~2.0.1
432 silly placeDep node_modules/serve punycode@2.3.1 OK for: uri-js@4.4.1 want: ^2.1.0
433 silly placeDep node_modules/serve isexe@2.0.0 OK for: which@2.0.2 want: ^2.0.0
434 silly placeDep node_modules/serve ansi-styles@6.2.1 OK for: wrap-ansi@8.1.0 want: ^6.1.0
435 silly placeDep node_modules/serve/node_modules/ansi-align emoji-regex@8.0.0 OK for: string-width@4.2.3 want: ^8.0.0
436 silly placeDep node_modules/serve is-fullwidth-code-point@3.0.0 OK for: string-width@4.2.3 want: ^3.0.0
437 silly placeDep node_modules/serve/node_modules/ansi-align strip-ansi@6.0.1 OK for: string-width@4.2.3 want: ^6.0.1
438 silly fetch manifest ansi-regex@^5.0.1
439 silly packumentCache full:https://registry.npmjs.org/ansi-regex cache-hit
440 silly placeDep node_modules/serve/node_modules/ansi-align ansi-regex@5.0.1 OK for: strip-ansi@6.0.1 want: ^5.0.1
441 silly placeDep node_modules/serve/node_modules/chalk-template ansi-styles@4.3.0 OK for: chalk@4.1.2 want: ^4.1.0
442 silly placeDep node_modules/serve supports-color@7.2.0 OK for: chalk@4.1.2 want: ^7.1.0
443 silly fetch manifest color-convert@^2.0.1
444 silly packumentCache full:https://registry.npmjs.org/color-convert cache-miss
445 silly fetch manifest has-flag@^4.0.0
446 silly packumentCache full:https://registry.npmjs.org/has-flag cache-miss
447 http fetch GET 200 https://registry.npmjs.org/color-convert 117ms (cache revalidated)
448 silly packumentCache full:https://registry.npmjs.org/color-convert set size:68789 disposed:false
449 http fetch GET 200 https://registry.npmjs.org/has-flag 143ms (cache miss)
450 silly packumentCache full:https://registry.npmjs.org/has-flag set size:undefined disposed:false
451 silly placeDep node_modules/serve has-flag@4.0.0 OK for: supports-color@7.2.0 want: ^4.0.0
452 silly placeDep node_modules/serve color-convert@2.0.1 OK for: ansi-styles@4.3.0 want: ^2.0.1
453 silly fetch manifest color-name@~1.1.4
454 silly packumentCache full:https://registry.npmjs.org/color-name cache-miss
455 http fetch GET 200 https://registry.npmjs.org/color-name 124ms (cache revalidated)
456 silly packumentCache full:https://registry.npmjs.org/color-name set size:16325 disposed:false
457 silly placeDep node_modules/serve color-name@1.1.4 OK for: color-convert@2.0.1 want: ~1.1.4
458 silly placeDep node_modules/serve/node_modules/serve-handler mime-db@1.33.0 OK for: mime-types@2.1.18 want: ~1.33.0
459 silly reify moves {}
460 http cache color-name@https://registry.npmjs.org/color-name/-/color-name-1.1.4.tgz 0ms (cache hit)
461 http cache serve@https://registry.npmjs.org/serve/-/serve-14.2.4.tgz 0ms (cache hit)
462 http cache color-convert@https://registry.npmjs.org/color-convert/-/color-convert-2.0.1.tgz 0ms (cache hit)
463 http cache has-flag@https://registry.npmjs.org/has-flag/-/has-flag-4.0.0.tgz 0ms (cache hit)
464 http cache is-fullwidth-code-point@https://registry.npmjs.org/is-fullwidth-code-point/-/is-fullwidth-code-point-3.0.0.tgz 0ms (cache hit)
465 http cache ansi-styles@https://registry.npmjs.org/ansi-styles/-/ansi-styles-6.2.1.tgz 0ms (cache hit)
466 http cache isexe@https://registry.npmjs.org/isexe/-/isexe-2.0.0.tgz 0ms (cache hit)
467 http cache punycode@https://registry.npmjs.org/punycode/-/punycode-2.3.1.tgz 0ms (cache hit)
468 http cache strip-json-comments@https://registry.npmjs.org/strip-json-comments/-/strip-json-comments-2.0.1.tgz 0ms (cache hit)
469 http cache supports-color@https://registry.npmjs.org/supports-color/-/supports-color-7.2.0.tgz 0ms (cache hit)
470 http cache minimist@https://registry.npmjs.org/minimist/-/minimist-1.2.8.tgz 0ms (cache hit)
471 http cache deep-extend@https://registry.npmjs.org/deep-extend/-/deep-extend-0.6.0.tgz 1ms (cache hit)
472 http cache rc@https://registry.npmjs.org/rc/-/rc-1.2.8.tgz 0ms (cache hit)
473 http cache registry-url@https://registry.npmjs.org/registry-url/-/registry-url-3.1.0.tgz 0ms (cache hit)
474 http cache registry-auth-token@https://registry.npmjs.org/registry-auth-token/-/registry-auth-token-3.3.2.tgz 0ms (cache hit)
475 http cache ansi-regex@https://registry.npmjs.org/ansi-regex/-/ansi-regex-6.2.0.tgz 1ms (cache hit)
476 http cache ini@https://registry.npmjs.org/ini/-/ini-1.3.8.tgz 0ms (cache hit)
477 http cache strip-ansi@https://registry.npmjs.org/strip-ansi/-/strip-ansi-7.1.0.tgz 0ms (cache hit)
478 http cache eastasianwidth@https://registry.npmjs.org/eastasianwidth/-/eastasianwidth-0.2.0.tgz 0ms (cache hit)
479 http cache shebang-regex@https://registry.npmjs.org/shebang-regex/-/shebang-regex-3.0.0.tgz 0ms (cache hit)
480 http cache concat-map@https://registry.npmjs.org/concat-map/-/concat-map-0.0.1.tgz 1ms (cache hit)
481 http cache balanced-match@https://registry.npmjs.org/balanced-match/-/balanced-match-1.0.2.tgz 0ms (cache hit)
482 http cache emoji-regex@https://registry.npmjs.org/emoji-regex/-/emoji-regex-9.2.2.tgz 0ms (cache hit)
483 http cache brace-expansion@https://registry.npmjs.org/brace-expansion/-/brace-expansion-1.1.12.tgz 0ms (cache hit)
484 http cache path-to-regexp@https://registry.npmjs.org/path-to-regexp/-/path-to-regexp-3.3.0.tgz 0ms (cache hit)
485 http cache path-is-inside@https://registry.npmjs.org/path-is-inside/-/path-is-inside-1.0.2.tgz 0ms (cache hit)
486 http cache minimatch@https://registry.npmjs.org/minimatch/-/minimatch-3.1.2.tgz 0ms (cache hit)
487 http cache content-disposition@https://registry.npmjs.org/content-disposition/-/content-disposition-0.5.2.tgz 0ms (cache hit)
488 http cache mimic-fn@https://registry.npmjs.org/mimic-fn/-/mimic-fn-2.1.0.tgz 0ms (cache hit)
489 http cache range-parser@https://registry.npmjs.org/range-parser/-/range-parser-1.2.0.tgz 0ms (cache hit)
490 http cache is-docker@https://registry.npmjs.org/is-docker/-/is-docker-2.2.1.tgz 0ms (cache hit)
491 http cache shebang-command@https://registry.npmjs.org/shebang-command/-/shebang-command-2.0.0.tgz 1ms (cache hit)
492 http cache path-key@https://registry.npmjs.org/path-key/-/path-key-3.1.1.tgz 0ms (cache hit)
493 http cache strip-final-newline@https://registry.npmjs.org/strip-final-newline/-/strip-final-newline-2.0.0.tgz 0ms (cache hit)
494 http cache signal-exit@https://registry.npmjs.org/signal-exit/-/signal-exit-3.0.7.tgz 0ms (cache hit)
495 http cache which@https://registry.npmjs.org/which/-/which-2.0.2.tgz 0ms (cache hit)
496 http cache onetime@https://registry.npmjs.org/onetime/-/onetime-5.1.2.tgz 0ms (cache hit)
497 http cache merge-stream@https://registry.npmjs.org/merge-stream/-/merge-stream-2.0.0.tgz 0ms (cache hit)
498 http cache is-stream@https://registry.npmjs.org/is-stream/-/is-stream-2.0.1.tgz 0ms (cache hit)
499 http cache human-signals@https://registry.npmjs.org/human-signals/-/human-signals-2.1.0.tgz 0ms (cache hit)
500 http cache get-stream@https://registry.npmjs.org/get-stream/-/get-stream-6.0.1.tgz 0ms (cache hit)
501 http cache cross-spawn@https://registry.npmjs.org/cross-spawn/-/cross-spawn-7.0.6.tgz 0ms (cache hit)
502 http cache npm-run-path@https://registry.npmjs.org/npm-run-path/-/npm-run-path-4.0.1.tgz 0ms (cache hit)
503 http cache ms@https://registry.npmjs.org/ms/-/ms-2.0.0.tgz 0ms (cache hit)
504 http cache negotiator@https://registry.npmjs.org/negotiator/-/negotiator-0.6.3.tgz 0ms (cache hit)
505 http cache mime-types@https://registry.npmjs.org/mime-types/-/mime-types-2.1.35.tgz 0ms (cache hit)
506 http cache mime-db@https://registry.npmjs.org/mime-db/-/mime-db-1.52.0.tgz 1ms (cache hit)
507 http cache vary@https://registry.npmjs.org/vary/-/vary-1.1.2.tgz 0ms (cache hit)
508 http cache mime-db@https://registry.npmjs.org/mime-db/-/mime-db-1.54.0.tgz 0ms (cache hit)
509 http cache safe-buffer@https://registry.npmjs.org/safe-buffer/-/safe-buffer-5.1.2.tgz 0ms (cache hit)
510 http cache debug@https://registry.npmjs.org/debug/-/debug-2.6.9.tgz 0ms (cache hit)
511 http cache bytes@https://registry.npmjs.org/bytes/-/bytes-3.0.0.tgz 0ms (cache hit)
512 http cache accepts@https://registry.npmjs.org/accepts/-/accepts-1.3.8.tgz 0ms (cache hit)
513 http cache is-wsl@https://registry.npmjs.org/is-wsl/-/is-wsl-2.2.0.tgz 0ms (cache hit)
514 http cache compressible@https://registry.npmjs.org/compressible/-/compressible-2.0.18.tgz 0ms (cache hit)
515 http cache on-headers@https://registry.npmjs.org/on-headers/-/on-headers-1.0.2.tgz 0ms (cache hit)
516 http cache execa@https://registry.npmjs.org/execa/-/execa-5.1.1.tgz 0ms (cache hit)
517 http cache arch@https://registry.npmjs.org/arch/-/arch-2.2.0.tgz 0ms (cache hit)
518 http cache widest-line@https://registry.npmjs.org/widest-line/-/widest-line-4.0.1.tgz 0ms (cache hit)
519 http cache type-fest@https://registry.npmjs.org/type-fest/-/type-fest-2.19.0.tgz 0ms (cache hit)
520 http cache string-width@https://registry.npmjs.org/string-width/-/string-width-5.1.2.tgz 0ms (cache hit)
521 http cache cli-boxes@https://registry.npmjs.org/cli-boxes/-/cli-boxes-3.0.0.tgz 0ms (cache hit)
522 http cache camelcase@https://registry.npmjs.org/camelcase/-/camelcase-7.0.1.tgz 0ms (cache hit)
523 http cache ansi-align@https://registry.npmjs.org/ansi-align/-/ansi-align-3.0.1.tgz 0ms (cache hit)
524 http cache ansi-regex@https://registry.npmjs.org/ansi-regex/-/ansi-regex-5.0.1.tgz 1ms (cache hit)
525 http cache strip-ansi@https://registry.npmjs.org/strip-ansi/-/strip-ansi-6.0.1.tgz 0ms (cache hit)
526 http cache wrap-ansi@https://registry.npmjs.org/wrap-ansi/-/wrap-ansi-8.1.0.tgz 0ms (cache hit)
527 http cache emoji-regex@https://registry.npmjs.org/emoji-regex/-/emoji-regex-8.0.0.tgz 0ms (cache hit)
528 http cache string-width@https://registry.npmjs.org/string-width/-/string-width-4.2.3.tgz 0ms (cache hit)
529 http cache require-from-string@https://registry.npmjs.org/require-from-string/-/require-from-string-2.0.2.tgz 0ms (cache hit)
530 http cache json-schema-traverse@https://registry.npmjs.org/json-schema-traverse/-/json-schema-traverse-1.0.0.tgz 0ms (cache hit)
531 http cache fast-deep-equal@https://registry.npmjs.org/fast-deep-equal/-/fast-deep-equal-3.1.3.tgz 0ms (cache hit)
532 http cache update-check@https://registry.npmjs.org/update-check/-/update-check-1.5.4.tgz 0ms (cache hit)
533 http cache serve-handler@https://registry.npmjs.org/serve-handler/-/serve-handler-6.1.6.tgz 1ms (cache hit)
534 http cache mime-db@https://registry.npmjs.org/mime-db/-/mime-db-1.33.0.tgz 0ms (cache hit)
535 http cache mime-types@https://registry.npmjs.org/mime-types/-/mime-types-2.1.18.tgz 0ms (cache hit)
536 http cache is-port-reachable@https://registry.npmjs.org/is-port-reachable/-/is-port-reachable-4.0.0.tgz 0ms (cache hit)
537 http cache uri-js@https://registry.npmjs.org/uri-js/-/uri-js-4.4.1.tgz 1ms (cache hit)
538 http cache compression@https://registry.npmjs.org/compression/-/compression-1.7.4.tgz 0ms (cache hit)
539 http cache clipboardy@https://registry.npmjs.org/clipboardy/-/clipboardy-3.0.0.tgz 0ms (cache hit)
540 http cache ansi-styles@https://registry.npmjs.org/ansi-styles/-/ansi-styles-4.3.0.tgz 0ms (cache hit)
541 http cache chalk@https://registry.npmjs.org/chalk/-/chalk-4.1.2.tgz 0ms (cache hit)
542 http cache chalk@https://registry.npmjs.org/chalk/-/chalk-5.0.1.tgz 0ms (cache hit)
543 http cache boxen@https://registry.npmjs.org/boxen/-/boxen-7.0.0.tgz 0ms (cache hit)
544 http cache arg@https://registry.npmjs.org/arg/-/arg-5.0.2.tgz 0ms (cache hit)
545 http cache ajv@https://registry.npmjs.org/ajv/-/ajv-8.12.0.tgz 0ms (cache hit)
546 http cache @zeit/schemas@https://registry.npmjs.org/@zeit/schemas/-/schemas-2.36.0.tgz 0ms (cache hit)
547 http cache chalk-template@https://registry.npmjs.org/chalk-template/-/chalk-template-0.4.0.tgz 0ms (cache hit)
548 silly tarball no local data for serve@https://registry.npmjs.org/serve/-/serve-14.2.4.tgz. Extracting by manifest.
549 silly tarball no local data for has-flag@https://registry.npmjs.org/has-flag/-/has-flag-4.0.0.tgz. Extracting by manifest.
550 silly tarball no local data for ansi-styles@https://registry.npmjs.org/ansi-styles/-/ansi-styles-6.2.1.tgz. Extracting by manifest.
551 silly tarball no local data for punycode@https://registry.npmjs.org/punycode/-/punycode-2.3.1.tgz. Extracting by manifest.
552 silly tarball no local data for supports-color@https://registry.npmjs.org/supports-color/-/supports-color-7.2.0.tgz. Extracting by manifest.
553 silly tarball no local data for registry-url@https://registry.npmjs.org/registry-url/-/registry-url-3.1.0.tgz. Extracting by manifest.
554 silly tarball no local data for registry-auth-token@https://registry.npmjs.org/registry-auth-token/-/registry-auth-token-3.3.2.tgz. Extracting by manifest.
555 silly tarball no local data for ansi-regex@https://registry.npmjs.org/ansi-regex/-/ansi-regex-6.2.0.tgz. Extracting by manifest.
556 silly tarball no local data for strip-ansi@https://registry.npmjs.org/strip-ansi/-/strip-ansi-7.1.0.tgz. Extracting by manifest.
557 silly tarball no local data for eastasianwidth@https://registry.npmjs.org/eastasianwidth/-/eastasianwidth-0.2.0.tgz. Extracting by manifest.
558 silly tarball no local data for shebang-regex@https://registry.npmjs.org/shebang-regex/-/shebang-regex-3.0.0.tgz. Extracting by manifest.
559 silly tarball no local data for emoji-regex@https://registry.npmjs.org/emoji-regex/-/emoji-regex-9.2.2.tgz. Extracting by manifest.
560 silly tarball no local data for path-to-regexp@https://registry.npmjs.org/path-to-regexp/-/path-to-regexp-3.3.0.tgz. Extracting by manifest.
561 silly tarball no local data for path-is-inside@https://registry.npmjs.org/path-is-inside/-/path-is-inside-1.0.2.tgz. Extracting by manifest.
562 silly tarball no local data for content-disposition@https://registry.npmjs.org/content-disposition/-/content-disposition-0.5.2.tgz. Extracting by manifest.
563 silly tarball no local data for mimic-fn@https://registry.npmjs.org/mimic-fn/-/mimic-fn-2.1.0.tgz. Extracting by manifest.
564 silly tarball no local data for range-parser@https://registry.npmjs.org/range-parser/-/range-parser-1.2.0.tgz. Extracting by manifest.
565 silly tarball no local data for is-docker@https://registry.npmjs.org/is-docker/-/is-docker-2.2.1.tgz. Extracting by manifest.
566 silly tarball no local data for shebang-command@https://registry.npmjs.org/shebang-command/-/shebang-command-2.0.0.tgz. Extracting by manifest.
567 silly tarball no local data for path-key@https://registry.npmjs.org/path-key/-/path-key-3.1.1.tgz. Extracting by manifest.
568 silly tarball no local data for strip-final-newline@https://registry.npmjs.org/strip-final-newline/-/strip-final-newline-2.0.0.tgz. Extracting by manifest.
569 silly tarball no local data for onetime@https://registry.npmjs.org/onetime/-/onetime-5.1.2.tgz. Extracting by manifest.
570 silly tarball no local data for merge-stream@https://registry.npmjs.org/merge-stream/-/merge-stream-2.0.0.tgz. Extracting by manifest.
571 silly tarball no local data for is-stream@https://registry.npmjs.org/is-stream/-/is-stream-2.0.1.tgz. Extracting by manifest.
572 silly tarball no local data for human-signals@https://registry.npmjs.org/human-signals/-/human-signals-2.1.0.tgz. Extracting by manifest.
573 silly tarball no local data for get-stream@https://registry.npmjs.org/get-stream/-/get-stream-6.0.1.tgz. Extracting by manifest.
574 silly tarball no local data for cross-spawn@https://registry.npmjs.org/cross-spawn/-/cross-spawn-7.0.6.tgz. Extracting by manifest.
575 silly tarball no local data for npm-run-path@https://registry.npmjs.org/npm-run-path/-/npm-run-path-4.0.1.tgz. Extracting by manifest.
576 silly tarball no local data for safe-buffer@https://registry.npmjs.org/safe-buffer/-/safe-buffer-5.1.2.tgz. Extracting by manifest.
577 silly tarball no local data for bytes@https://registry.npmjs.org/bytes/-/bytes-3.0.0.tgz. Extracting by manifest.
578 silly tarball no local data for is-wsl@https://registry.npmjs.org/is-wsl/-/is-wsl-2.2.0.tgz. Extracting by manifest.
579 silly tarball no local data for compressible@https://registry.npmjs.org/compressible/-/compressible-2.0.18.tgz. Extracting by manifest.
580 silly tarball no local data for on-headers@https://registry.npmjs.org/on-headers/-/on-headers-1.0.2.tgz. Extracting by manifest.
581 silly tarball no local data for execa@https://registry.npmjs.org/execa/-/execa-5.1.1.tgz. Extracting by manifest.
582 silly tarball no local data for arch@https://registry.npmjs.org/arch/-/arch-2.2.0.tgz. Extracting by manifest.
583 silly tarball no local data for widest-line@https://registry.npmjs.org/widest-line/-/widest-line-4.0.1.tgz. Extracting by manifest.
584 silly tarball no local data for type-fest@https://registry.npmjs.org/type-fest/-/type-fest-2.19.0.tgz. Extracting by manifest.
585 silly tarball no local data for string-width@https://registry.npmjs.org/string-width/-/string-width-5.1.2.tgz. Extracting by manifest.
586 silly tarball no local data for cli-boxes@https://registry.npmjs.org/cli-boxes/-/cli-boxes-3.0.0.tgz. Extracting by manifest.
587 silly tarball no local data for camelcase@https://registry.npmjs.org/camelcase/-/camelcase-7.0.1.tgz. Extracting by manifest.
588 silly tarball no local data for ansi-align@https://registry.npmjs.org/ansi-align/-/ansi-align-3.0.1.tgz. Extracting by manifest.
589 silly tarball no local data for wrap-ansi@https://registry.npmjs.org/wrap-ansi/-/wrap-ansi-8.1.0.tgz. Extracting by manifest.
590 silly tarball no local data for require-from-string@https://registry.npmjs.org/require-from-string/-/require-from-string-2.0.2.tgz. Extracting by manifest.
591 silly tarball no local data for json-schema-traverse@https://registry.npmjs.org/json-schema-traverse/-/json-schema-traverse-1.0.0.tgz. Extracting by manifest.
592 silly tarball no local data for fast-deep-equal@https://registry.npmjs.org/fast-deep-equal/-/fast-deep-equal-3.1.3.tgz. Extracting by manifest.
593 silly tarball no local data for update-check@https://registry.npmjs.org/update-check/-/update-check-1.5.4.tgz. Extracting by manifest.
594 silly tarball no local data for mime-db@https://registry.npmjs.org/mime-db/-/mime-db-1.33.0.tgz. Extracting by manifest.
595 silly tarball no local data for is-port-reachable@https://registry.npmjs.org/is-port-reachable/-/is-port-reachable-4.0.0.tgz. Extracting by manifest.
596 silly tarball no local data for uri-js@https://registry.npmjs.org/uri-js/-/uri-js-4.4.1.tgz. Extracting by manifest.
597 silly tarball no local data for compression@https://registry.npmjs.org/compression/-/compression-1.7.4.tgz. Extracting by manifest.
598 silly tarball no local data for mime-types@https://registry.npmjs.org/mime-types/-/mime-types-2.1.18.tgz. Extracting by manifest.
599 silly tarball no local data for clipboardy@https://registry.npmjs.org/clipboardy/-/clipboardy-3.0.0.tgz. Extracting by manifest.
600 silly tarball no local data for serve-handler@https://registry.npmjs.org/serve-handler/-/serve-handler-6.1.6.tgz. Extracting by manifest.
601 silly tarball no local data for chalk@https://registry.npmjs.org/chalk/-/chalk-4.1.2.tgz. Extracting by manifest.
602 silly tarball no local data for chalk@https://registry.npmjs.org/chalk/-/chalk-5.0.1.tgz. Extracting by manifest.
603 silly tarball no local data for arg@https://registry.npmjs.org/arg/-/arg-5.0.2.tgz. Extracting by manifest.
604 silly tarball no local data for @zeit/schemas@https://registry.npmjs.org/@zeit/schemas/-/schemas-2.36.0.tgz. Extracting by manifest.
605 silly tarball no local data for chalk-template@https://registry.npmjs.org/chalk-template/-/chalk-template-0.4.0.tgz. Extracting by manifest.
606 silly tarball no local data for boxen@https://registry.npmjs.org/boxen/-/boxen-7.0.0.tgz. Extracting by manifest.
607 silly tarball no local data for ajv@https://registry.npmjs.org/ajv/-/ajv-8.12.0.tgz. Extracting by manifest.
608 http fetch GET 200 https://registry.npmjs.org/has-flag/-/has-flag-4.0.0.tgz 616ms (cache miss)
609 http fetch GET 200 https://registry.npmjs.org/registry-url/-/registry-url-3.1.0.tgz 611ms (cache miss)
610 http fetch GET 200 https://registry.npmjs.org/punycode/-/punycode-2.3.1.tgz 627ms (cache miss)
611 http fetch GET 200 https://registry.npmjs.org/supports-color/-/supports-color-7.2.0.tgz 627ms (cache miss)
612 http fetch GET 200 https://registry.npmjs.org/serve/-/serve-14.2.4.tgz 655ms (cache miss)
613 http fetch GET 200 https://registry.npmjs.org/ansi-styles/-/ansi-styles-6.2.1.tgz 675ms (cache miss)
614 http fetch GET 200 https://registry.npmjs.org/mimic-fn/-/mimic-fn-2.1.0.tgz 705ms (cache miss)
615 http fetch GET 200 https://registry.npmjs.org/path-key/-/path-key-3.1.1.tgz 713ms (cache miss)
616 http fetch GET 200 https://registry.npmjs.org/shebang-command/-/shebang-command-2.0.0.tgz 715ms (cache miss)
617 http fetch GET 200 https://registry.npmjs.org/is-docker/-/is-docker-2.2.1.tgz 717ms (cache miss)
618 http fetch GET 200 https://registry.npmjs.org/range-parser/-/range-parser-1.2.0.tgz 732ms (cache miss)
619 http fetch GET 200 https://registry.npmjs.org/merge-stream/-/merge-stream-2.0.0.tgz 757ms (cache miss)
620 http fetch GET 200 https://registry.npmjs.org/is-stream/-/is-stream-2.0.1.tgz 765ms (cache miss)
621 http fetch GET 200 https://registry.npmjs.org/strip-final-newline/-/strip-final-newline-2.0.0.tgz 770ms (cache miss)
622 http fetch GET 200 https://registry.npmjs.org/human-signals/-/human-signals-2.1.0.tgz 767ms (cache miss)
623 http fetch GET 200 https://registry.npmjs.org/get-stream/-/get-stream-6.0.1.tgz 776ms (cache miss)
624 http fetch GET 200 https://registry.npmjs.org/cross-spawn/-/cross-spawn-7.0.6.tgz 776ms (cache miss)
625 http fetch GET 200 https://registry.npmjs.org/onetime/-/onetime-5.1.2.tgz 801ms (cache miss)
626 http fetch GET 200 https://registry.npmjs.org/npm-run-path/-/npm-run-path-4.0.1.tgz 797ms (cache miss)
627 http fetch GET 200 https://registry.npmjs.org/registry-auth-token/-/registry-auth-token-3.3.2.tgz 865ms (cache miss)
628 http fetch GET 200 https://registry.npmjs.org/bytes/-/bytes-3.0.0.tgz 839ms (cache miss)
629 http fetch GET 200 https://registry.npmjs.org/is-wsl/-/is-wsl-2.2.0.tgz 866ms (cache miss)
630 http fetch GET 200 https://registry.npmjs.org/compressible/-/compressible-2.0.18.tgz 865ms (cache miss)
631 http fetch GET 200 https://registry.npmjs.org/ansi-regex/-/ansi-regex-6.2.0.tgz 911ms (cache miss)
632 http fetch GET 200 https://registry.npmjs.org/eastasianwidth/-/eastasianwidth-0.2.0.tgz 922ms (cache miss)
633 http fetch GET 200 https://registry.npmjs.org/shebang-regex/-/shebang-regex-3.0.0.tgz 922ms (cache miss)
634 http fetch GET 200 https://registry.npmjs.org/on-headers/-/on-headers-1.0.2.tgz 902ms (cache miss)
635 http fetch GET 200 https://registry.npmjs.org/strip-ansi/-/strip-ansi-7.1.0.tgz 933ms (cache miss)
636 http fetch GET 200 https://registry.npmjs.org/arch/-/arch-2.2.0.tgz 900ms (cache miss)
637 http fetch GET 200 https://registry.npmjs.org/safe-buffer/-/safe-buffer-5.1.2.tgz 917ms (cache miss)
638 http fetch GET 200 https://registry.npmjs.org/widest-line/-/widest-line-4.0.1.tgz 918ms (cache miss)
639 http fetch GET 200 https://registry.npmjs.org/path-is-inside/-/path-is-inside-1.0.2.tgz 956ms (cache miss)
640 http fetch GET 200 https://registry.npmjs.org/execa/-/execa-5.1.1.tgz 942ms (cache miss)
641 http fetch GET 200 https://registry.npmjs.org/content-disposition/-/content-disposition-0.5.2.tgz 967ms (cache miss)
642 http fetch GET 200 https://registry.npmjs.org/cli-boxes/-/cli-boxes-3.0.0.tgz 944ms (cache miss)
643 http fetch GET 200 https://registry.npmjs.org/string-width/-/string-width-5.1.2.tgz 951ms (cache miss)
644 http fetch GET 200 https://registry.npmjs.org/path-to-regexp/-/path-to-regexp-3.3.0.tgz 982ms (cache miss)
645 http fetch GET 200 https://registry.npmjs.org/ansi-align/-/ansi-align-3.0.1.tgz 948ms (cache miss)
646 http fetch GET 200 https://registry.npmjs.org/require-from-string/-/require-from-string-2.0.2.tgz 946ms (cache miss)
647 http fetch GET 200 https://registry.npmjs.org/camelcase/-/camelcase-7.0.1.tgz 953ms (cache miss)
648 http fetch GET 200 https://registry.npmjs.org/is-port-reachable/-/is-port-reachable-4.0.0.tgz 964ms (cache miss)
649 http fetch GET 200 https://registry.npmjs.org/update-check/-/update-check-1.5.4.tgz 971ms (cache miss)
650 http fetch GET 200 https://registry.npmjs.org/wrap-ansi/-/wrap-ansi-8.1.0.tgz 977ms (cache miss)
651 http fetch GET 200 https://registry.npmjs.org/fast-deep-equal/-/fast-deep-equal-3.1.3.tgz 977ms (cache miss)
652 http fetch GET 200 https://registry.npmjs.org/mime-db/-/mime-db-1.33.0.tgz 989ms (cache miss)
653 http fetch GET 200 https://registry.npmjs.org/json-schema-traverse/-/json-schema-traverse-1.0.0.tgz 1011ms (cache miss)
654 http fetch GET 200 https://registry.npmjs.org/mime-types/-/mime-types-2.1.18.tgz 1011ms (cache miss)
655 http fetch GET 200 https://registry.npmjs.org/compression/-/compression-1.7.4.tgz 1019ms (cache miss)
656 http fetch GET 200 https://registry.npmjs.org/emoji-regex/-/emoji-regex-9.2.2.tgz 1068ms (cache miss)
657 http fetch GET 200 https://registry.npmjs.org/chalk/-/chalk-4.1.2.tgz 1051ms (cache miss)
658 http fetch GET 200 https://registry.npmjs.org/arg/-/arg-5.0.2.tgz 1052ms (cache miss)
659 http fetch GET 200 https://registry.npmjs.org/boxen/-/boxen-7.0.0.tgz 1058ms (cache miss)
660 http fetch GET 200 https://registry.npmjs.org/chalk-template/-/chalk-template-0.4.0.tgz 1069ms (cache miss)
661 http fetch GET 200 https://registry.npmjs.org/chalk/-/chalk-5.0.1.tgz 1090ms (cache miss)
662 http fetch GET 200 https://registry.npmjs.org/serve-handler/-/serve-handler-6.1.6.tgz 1095ms (cache miss)
663 http fetch GET 200 https://registry.npmjs.org/uri-js/-/uri-js-4.4.1.tgz 1176ms (cache miss)
664 http fetch GET 200 https://registry.npmjs.org/type-fest/-/type-fest-2.19.0.tgz 1197ms (cache miss)
665 http fetch GET 200 https://registry.npmjs.org/@zeit/schemas/-/schemas-2.36.0.tgz 1644ms (cache miss)
666 http fetch GET 200 https://registry.npmjs.org/clipboardy/-/clipboardy-3.0.0.tgz 1716ms (cache miss)
667 http fetch GET 200 https://registry.npmjs.org/ajv/-/ajv-8.12.0.tgz 1951ms (cache miss)
668 silly ADD node_modules/serve
669 silly ADD node_modules/serve/node_modules/color-name
670 silly ADD node_modules/serve/node_modules/color-convert
671 silly ADD node_modules/serve/node_modules/has-flag
672 silly ADD node_modules/serve/node_modules/supports-color
673 silly ADD node_modules/serve/node_modules/is-fullwidth-code-point
674 silly ADD node_modules/serve/node_modules/ansi-styles
675 silly ADD node_modules/serve/node_modules/isexe
676 silly ADD node_modules/serve/node_modules/punycode
677 silly ADD node_modules/serve/node_modules/strip-json-comments
678 silly ADD node_modules/serve/node_modules/minimist
679 silly ADD node_modules/serve/node_modules/ini
680 silly ADD node_modules/serve/node_modules/deep-extend
681 silly ADD node_modules/serve/node_modules/rc
682 silly ADD node_modules/serve/node_modules/registry-url
683 silly ADD node_modules/serve/node_modules/registry-auth-token
684 silly ADD node_modules/serve/node_modules/ansi-regex
685 silly ADD node_modules/serve/node_modules/strip-ansi
686 silly ADD node_modules/serve/node_modules/emoji-regex
687 silly ADD node_modules/serve/node_modules/eastasianwidth
688 silly ADD node_modules/serve/node_modules/shebang-regex
689 silly ADD node_modules/serve/node_modules/concat-map
690 silly ADD node_modules/serve/node_modules/balanced-match
691 silly ADD node_modules/serve/node_modules/brace-expansion
692 silly ADD node_modules/serve/node_modules/range-parser
693 silly ADD node_modules/serve/node_modules/path-to-regexp
694 silly ADD node_modules/serve/node_modules/path-is-inside
695 silly ADD node_modules/serve/node_modules/minimatch
696 silly ADD node_modules/serve/node_modules/content-disposition
697 silly ADD node_modules/serve/node_modules/mimic-fn
698 silly ADD node_modules/serve/node_modules/is-docker
699 silly ADD node_modules/serve/node_modules/which
700 silly ADD node_modules/serve/node_modules/shebang-command
701 silly ADD node_modules/serve/node_modules/path-key
702 silly ADD node_modules/serve/node_modules/strip-final-newline
703 silly ADD node_modules/serve/node_modules/signal-exit
704 silly ADD node_modules/serve/node_modules/onetime
705 silly ADD node_modules/serve/node_modules/npm-run-path
706 silly ADD node_modules/serve/node_modules/merge-stream
707 silly ADD node_modules/serve/node_modules/is-stream
708 silly ADD node_modules/serve/node_modules/human-signals
709 silly ADD node_modules/serve/node_modules/get-stream
710 silly ADD node_modules/serve/node_modules/cross-spawn
711 silly ADD node_modules/serve/node_modules/ms
712 silly ADD node_modules/serve/node_modules/mime-db
713 silly ADD node_modules/serve/node_modules/negotiator
714 silly ADD node_modules/serve/node_modules/mime-types
715 silly ADD node_modules/serve/node_modules/mime-types/node_modules/mime-db
716 silly ADD node_modules/serve/node_modules/vary
717 silly ADD node_modules/serve/node_modules/safe-buffer
718 silly ADD node_modules/serve/node_modules/on-headers
719 silly ADD node_modules/serve/node_modules/debug
720 silly ADD node_modules/serve/node_modules/compressible
721 silly ADD node_modules/serve/node_modules/bytes
722 silly ADD node_modules/serve/node_modules/accepts
723 silly ADD node_modules/serve/node_modules/is-wsl
724 silly ADD node_modules/serve/node_modules/execa
725 silly ADD node_modules/serve/node_modules/arch
726 silly ADD node_modules/serve/node_modules/wrap-ansi
727 silly ADD node_modules/serve/node_modules/widest-line
728 silly ADD node_modules/serve/node_modules/type-fest
729 silly ADD node_modules/serve/node_modules/string-width
730 silly ADD node_modules/serve/node_modules/cli-boxes
731 silly ADD node_modules/serve/node_modules/camelcase
732 silly ADD node_modules/serve/node_modules/ansi-align
733 silly ADD node_modules/serve/node_modules/ansi-align/node_modules/ansi-regex
734 silly ADD node_modules/serve/node_modules/ansi-align/node_modules/strip-ansi
735 silly ADD node_modules/serve/node_modules/ansi-align/node_modules/emoji-regex
736 silly ADD node_modules/serve/node_modules/ansi-align/node_modules/string-width
737 silly ADD node_modules/serve/node_modules/uri-js
738 silly ADD node_modules/serve/node_modules/require-from-string
739 silly ADD node_modules/serve/node_modules/json-schema-traverse
740 silly ADD node_modules/serve/node_modules/fast-deep-equal
741 silly ADD node_modules/serve/node_modules/update-check
742 silly ADD node_modules/serve/node_modules/serve-handler
743 silly ADD node_modules/serve/node_modules/serve-handler/node_modules/mime-db
744 silly ADD node_modules/serve/node_modules/serve-handler/node_modules/mime-types
745 silly ADD node_modules/serve/node_modules/is-port-reachable
746 silly ADD node_modules/serve/node_modules/compression
747 silly ADD node_modules/serve/node_modules/clipboardy
748 silly ADD node_modules/serve/node_modules/chalk-template
749 silly ADD node_modules/serve/node_modules/chalk-template/node_modules/ansi-styles
750 silly ADD node_modules/serve/node_modules/chalk-template/node_modules/chalk
751 silly ADD node_modules/serve/node_modules/chalk
752 silly ADD node_modules/serve/node_modules/boxen
753 silly ADD node_modules/serve/node_modules/arg
754 silly ADD node_modules/serve/node_modules/ajv
755 silly ADD node_modules/serve/node_modules/@zeit/schemas
756 verbose cwd /data/data/com.termux/files/home/greeting-saas
757 verbose os Linux 4.14.186-g7c18952d3c68
758 verbose node v22.19.0
759 verbose npm  v10.9.3
760 verbose exit 0
761 info ok
