0 verbose cli /data/data/com.termux/files/usr/bin/node /data/data/com.termux/files/usr/bin/npm
1 info using npm@11.5.1
2 info using node@v24.7.0
3 silly config load:file:/data/data/com.termux/files/usr/lib/node_modules/npm/npmrc
4 silly config load:file:/data/data/com.termux/files/home/racer/.npmrc
5 silly config load:file:/data/data/com.termux/files/home/.npmrc
6 silly config load:file:/data/data/com.termux/files/usr/etc/npmrc
7 verbose title npm install express
8 verbose argv "install" "express"
9 verbose logfile logs-max:10 dir:/data/data/com.termux/files/home/.npm/_logs/2025-08-30T21_57_52_721Z-
10 verbose logfile /data/data/com.termux/files/home/.npm/_logs/2025-08-30T21_57_52_721Z-debug-0.log
11 silly logfile done cleaning log files
12 silly packumentCache heap:1174405120 maxSize:293601280 maxEntrySize:146800640
13 silly idealTree buildDeps
14 silly fetch manifest express@*
15 silly packumentCache full:https://registry.npmjs.org/express cache-miss
16 http fetch GET 200 https://registry.npmjs.org/express 587ms (cache miss)
17 silly packumentCache full:https://registry.npmjs.org/express set size:undefined disposed:false
18 silly placeDep ROOT express@5.1.0 OK for:  want: *
19 silly fetch manifest qs@^6.14.0
20 silly packumentCache full:https://registry.npmjs.org/qs cache-miss
21 silly fetch manifest etag@^1.8.1
22 silly packumentCache full:https://registry.npmjs.org/etag cache-miss
23 silly fetch manifest once@^1.4.0
24 silly packumentCache full:https://registry.npmjs.org/once cache-miss
25 silly fetch manifest send@^1.1.0
26 silly packumentCache full:https://registry.npmjs.org/send cache-miss
27 silly fetch manifest vary@^1.1.2
28 silly packumentCache full:https://registry.npmjs.org/vary cache-miss
29 silly fetch manifest debug@^4.4.0
30 silly packumentCache full:https://registry.npmjs.org/debug cache-miss
31 silly fetch manifest fresh@^2.0.0
32 silly packumentCache full:https://registry.npmjs.org/fresh cache-miss
33 http fetch GET 200 https://registry.npmjs.org/qs 167ms (cache miss)
34 silly packumentCache full:https://registry.npmjs.org/qs set size:undefined disposed:false
35 silly fetch manifest cookie@^0.7.1
36 silly packumentCache full:https://registry.npmjs.org/cookie cache-miss
37 http fetch GET 200 https://registry.npmjs.org/cookie 150ms (cache miss)
38 silly packumentCache full:https://registry.npmjs.org/cookie set size:undefined disposed:false
39 silly fetch manifest router@^2.2.0
40 silly packumentCache full:https://registry.npmjs.org/router cache-miss
41 http fetch GET 200 https://registry.npmjs.org/etag 410ms (cache miss)
42 silly packumentCache full:https://registry.npmjs.org/etag set size:undefined disposed:false
43 silly fetch manifest accepts@^2.0.0
44 silly packumentCache full:https://registry.npmjs.org/accepts cache-miss
45 http fetch GET 200 https://registry.npmjs.org/vary 540ms (cache miss)
46 silly packumentCache full:https://registry.npmjs.org/vary set size:undefined disposed:false
47 silly fetch manifest type-is@^2.0.1
48 silly packumentCache full:https://registry.npmjs.org/type-is cache-miss
49 http fetch GET 200 https://registry.npmjs.org/once 556ms (cache miss)
50 silly packumentCache full:https://registry.npmjs.org/once set size:undefined disposed:false
51 silly fetch manifest parseurl@^1.3.3
52 silly packumentCache full:https://registry.npmjs.org/parseurl cache-miss
53 http fetch GET 200 https://registry.npmjs.org/fresh 561ms (cache miss)
54 silly packumentCache full:https://registry.npmjs.org/fresh set size:undefined disposed:false
55 silly fetch manifest statuses@^2.0.1
56 silly packumentCache full:https://registry.npmjs.org/statuses cache-miss
57 http fetch GET 200 https://registry.npmjs.org/router 233ms (cache miss)
58 silly packumentCache full:https://registry.npmjs.org/router set size:undefined disposed:false
59 silly fetch manifest encodeurl@^2.0.0
60 silly packumentCache full:https://registry.npmjs.org/encodeurl cache-miss
61 http fetch GET 200 https://registry.npmjs.org/send 611ms (cache miss)
62 silly packumentCache full:https://registry.npmjs.org/send set size:undefined disposed:false
63 silly fetch manifest mime-types@^3.0.0
64 silly packumentCache full:https://registry.npmjs.org/mime-types cache-miss
65 http fetch GET 200 https://registry.npmjs.org/accepts 233ms (cache miss)
66 silly packumentCache full:https://registry.npmjs.org/accepts set size:undefined disposed:false
67 silly fetch manifest proxy-addr@^2.0.7
68 silly packumentCache full:https://registry.npmjs.org/proxy-addr cache-miss
69 http fetch GET 200 https://registry.npmjs.org/debug 665ms (cache miss)
70 silly packumentCache full:https://registry.npmjs.org/debug set size:undefined disposed:false
71 silly fetch manifest body-parser@^2.2.0
72 silly packumentCache full:https://registry.npmjs.org/body-parser cache-miss
73 http fetch GET 200 https://registry.npmjs.org/encodeurl 169ms (cache miss)
74 silly packumentCache full:https://registry.npmjs.org/encodeurl set size:undefined disposed:false
75 silly fetch manifest escape-html@^1.0.3
76 silly packumentCache full:https://registry.npmjs.org/escape-html cache-miss
77 http fetch GET 200 https://registry.npmjs.org/type-is 223ms (cache miss)
78 silly packumentCache full:https://registry.npmjs.org/type-is set size:undefined disposed:false
79 silly fetch manifest http-errors@^2.0.0
80 silly packumentCache full:https://registry.npmjs.org/http-errors cache-miss
81 http fetch GET 200 https://registry.npmjs.org/parseurl 218ms (cache miss)
82 silly packumentCache full:https://registry.npmjs.org/parseurl set size:undefined disposed:false
83 silly fetch manifest on-finished@^2.4.1
84 silly packumentCache full:https://registry.npmjs.org/on-finished cache-miss
85 http fetch GET 200 https://registry.npmjs.org/statuses 216ms (cache miss)
86 silly packumentCache full:https://registry.npmjs.org/statuses set size:undefined disposed:false
87 silly fetch manifest content-type@^1.0.5
88 silly packumentCache full:https://registry.npmjs.org/content-type cache-miss
89 http fetch GET 200 https://registry.npmjs.org/mime-types 182ms (cache miss)
90 silly packumentCache full:https://registry.npmjs.org/mime-types set size:undefined disposed:false
91 silly fetch manifest finalhandler@^2.1.0
92 silly packumentCache full:https://registry.npmjs.org/finalhandler cache-miss
93 http fetch GET 200 https://registry.npmjs.org/proxy-addr 163ms (cache miss)
94 silly packumentCache full:https://registry.npmjs.org/proxy-addr set size:undefined disposed:false
95 silly fetch manifest range-parser@^1.2.1
96 silly packumentCache full:https://registry.npmjs.org/range-parser cache-miss
97 http fetch GET 200 https://registry.npmjs.org/body-parser 159ms (cache miss)
98 silly packumentCache full:https://registry.npmjs.org/body-parser set size:undefined disposed:false
99 silly fetch manifest serve-static@^2.2.0
100 silly packumentCache full:https://registry.npmjs.org/serve-static cache-miss
101 http fetch GET 200 https://registry.npmjs.org/escape-html 135ms (cache miss)
102 silly packumentCache full:https://registry.npmjs.org/escape-html set size:undefined disposed:false
103 silly fetch manifest cookie-signature@^1.2.1
104 silly packumentCache full:https://registry.npmjs.org/cookie-signature cache-miss
105 http fetch GET 200 https://registry.npmjs.org/on-finished 133ms (cache miss)
106 silly packumentCache full:https://registry.npmjs.org/on-finished set size:undefined disposed:false
107 silly fetch manifest merge-descriptors@^2.0.0
108 silly packumentCache full:https://registry.npmjs.org/merge-descriptors cache-miss
109 http fetch GET 200 https://registry.npmjs.org/content-type 130ms (cache miss)
110 silly packumentCache full:https://registry.npmjs.org/content-type set size:undefined disposed:false
111 silly fetch manifest content-disposition@^1.0.0
112 silly packumentCache full:https://registry.npmjs.org/content-disposition cache-miss
113 http fetch GET 200 https://registry.npmjs.org/http-errors 166ms (cache miss)
114 silly packumentCache full:https://registry.npmjs.org/http-errors set size:undefined disposed:false
115 http fetch GET 200 https://registry.npmjs.org/range-parser 147ms (cache miss)
116 silly packumentCache full:https://registry.npmjs.org/range-parser set size:undefined disposed:false
117 http fetch GET 200 https://registry.npmjs.org/finalhandler 160ms (cache miss)
118 silly packumentCache full:https://registry.npmjs.org/finalhandler set size:undefined disposed:false
119 http fetch GET 200 https://registry.npmjs.org/serve-static 125ms (cache miss)
120 silly packumentCache full:https://registry.npmjs.org/serve-static set size:undefined disposed:false
121 http fetch GET 200 https://registry.npmjs.org/cookie-signature 99ms (cache miss)
122 silly packumentCache full:https://registry.npmjs.org/cookie-signature set size:undefined disposed:false
123 http fetch GET 200 https://registry.npmjs.org/content-disposition 103ms (cache miss)
124 silly packumentCache full:https://registry.npmjs.org/content-disposition set size:undefined disposed:false
125 http fetch GET 200 https://registry.npmjs.org/merge-descriptors 117ms (cache miss)
126 silly packumentCache full:https://registry.npmjs.org/merge-descriptors set size:undefined disposed:false
127 silly placeDep ROOT accepts@2.0.0 OK for: express@5.1.0 want: ^2.0.0
128 silly placeDep ROOT body-parser@2.2.0 OK for: express@5.1.0 want: ^2.2.0
129 silly placeDep ROOT content-disposition@1.0.0 OK for: express@5.1.0 want: ^1.0.0
130 silly placeDep ROOT content-type@1.0.5 OK for: express@5.1.0 want: ^1.0.5
131 silly placeDep ROOT cookie@0.7.2 OK for: express@5.1.0 want: ^0.7.1
132 silly placeDep ROOT cookie-signature@1.2.2 OK for: express@5.1.0 want: ^1.2.1
133 silly placeDep ROOT debug@4.4.1 OK for: express@5.1.0 want: ^4.4.0
134 silly placeDep ROOT encodeurl@2.0.0 OK for: express@5.1.0 want: ^2.0.0
135 silly placeDep ROOT escape-html@1.0.3 OK for: express@5.1.0 want: ^1.0.3
136 silly placeDep ROOT etag@1.8.1 OK for: express@5.1.0 want: ^1.8.1
137 silly placeDep ROOT finalhandler@2.1.0 OK for: express@5.1.0 want: ^2.1.0
138 silly placeDep ROOT fresh@2.0.0 OK for: express@5.1.0 want: ^2.0.0
139 silly placeDep ROOT http-errors@2.0.0 OK for: express@5.1.0 want: ^2.0.0
140 silly placeDep ROOT merge-descriptors@2.0.0 OK for: express@5.1.0 want: ^2.0.0
141 silly placeDep ROOT mime-types@3.0.1 OK for: express@5.1.0 want: ^3.0.0
142 silly placeDep ROOT on-finished@2.4.1 OK for: express@5.1.0 want: ^2.4.1
143 silly placeDep ROOT once@1.4.0 OK for: express@5.1.0 want: ^1.4.0
144 silly placeDep ROOT parseurl@1.3.3 OK for: express@5.1.0 want: ^1.3.3
145 silly placeDep ROOT proxy-addr@2.0.7 OK for: express@5.1.0 want: ^2.0.7
146 silly placeDep ROOT qs@6.14.0 OK for: express@5.1.0 want: ^6.14.0
147 silly placeDep ROOT range-parser@1.2.1 OK for: express@5.1.0 want: ^1.2.1
148 silly placeDep ROOT router@2.2.0 OK for: express@5.1.0 want: ^2.2.0
149 silly placeDep ROOT send@1.2.0 OK for: express@5.1.0 want: ^1.1.0
150 silly placeDep ROOT serve-static@2.2.0 OK for: express@5.1.0 want: ^2.2.0
151 silly placeDep ROOT statuses@2.0.2 OK for: express@5.1.0 want: ^2.0.1
152 silly placeDep ROOT type-is@2.0.1 OK for: express@5.1.0 want: ^2.0.1
153 silly placeDep ROOT vary@1.1.2 OK for: express@5.1.0 want: ^1.1.2
154 silly fetch manifest negotiator@^1.0.0
155 silly packumentCache full:https://registry.npmjs.org/negotiator cache-miss
156 silly fetch manifest bytes@^3.1.2
157 silly packumentCache full:https://registry.npmjs.org/bytes cache-miss
158 silly fetch manifest iconv-lite@^0.6.3
159 silly packumentCache full:https://registry.npmjs.org/iconv-lite cache-miss
160 silly fetch manifest raw-body@^3.0.0
161 silly packumentCache full:https://registry.npmjs.org/raw-body cache-miss
162 silly fetch manifest type-is@^2.0.0
163 silly packumentCache full:https://registry.npmjs.org/type-is cache-miss
164 silly fetch manifest safe-buffer@5.2.1
165 silly packumentCache full:https://registry.npmjs.org/safe-buffer cache-miss
166 silly fetch manifest ms@^2.1.3
167 silly packumentCache full:https://registry.npmjs.org/ms cache-miss
168 http cache https://registry.npmjs.org/type-is 44ms (cache hit)
169 silly packumentCache full:https://registry.npmjs.org/type-is set size:86196 disposed:false
170 silly fetch manifest depd@2.0.0
171 silly packumentCache full:https://registry.npmjs.org/depd cache-miss
172 http fetch GET 200 https://registry.npmjs.org/bytes 134ms (cache miss)
173 silly packumentCache full:https://registry.npmjs.org/bytes set size:undefined disposed:false
174 silly fetch manifest inherits@2.0.4
175 silly packumentCache full:https://registry.npmjs.org/inherits cache-miss
176 http fetch GET 200 https://registry.npmjs.org/iconv-lite 177ms (cache miss)
177 silly packumentCache full:https://registry.npmjs.org/iconv-lite set size:undefined disposed:false
178 silly fetch manifest statuses@2.0.1
179 silly packumentCache full:https://registry.npmjs.org/statuses cache-miss
180 http fetch GET 200 https://registry.npmjs.org/negotiator 193ms (cache miss)
181 silly packumentCache full:https://registry.npmjs.org/negotiator set size:undefined disposed:false
182 silly fetch manifest toidentifier@1.0.1
183 silly packumentCache full:https://registry.npmjs.org/toidentifier cache-miss
184 http fetch GET 200 https://registry.npmjs.org/safe-buffer 193ms (cache miss)
185 silly packumentCache full:https://registry.npmjs.org/safe-buffer set size:undefined disposed:false
186 silly fetch manifest setprototypeof@1.2.0
187 silly packumentCache full:https://registry.npmjs.org/setprototypeof cache-miss
188 http fetch GET 200 https://registry.npmjs.org/depd 157ms (cache miss)
189 silly packumentCache full:https://registry.npmjs.org/depd set size:undefined disposed:false
190 silly fetch manifest mime-db@^1.54.0
191 silly packumentCache full:https://registry.npmjs.org/mime-db cache-miss
192 http fetch GET 200 https://registry.npmjs.org/raw-body 223ms (cache miss)
193 silly packumentCache full:https://registry.npmjs.org/raw-body set size:undefined disposed:false
194 silly fetch manifest ee-first@1.1.1
195 silly packumentCache full:https://registry.npmjs.org/ee-first cache-miss
196 http fetch GET 200 https://registry.npmjs.org/ms 231ms (cache miss)
197 silly packumentCache full:https://registry.npmjs.org/ms set size:undefined disposed:false
198 silly fetch manifest wrappy@1
199 silly packumentCache full:https://registry.npmjs.org/wrappy cache-miss
200 http cache https://registry.npmjs.org/statuses 62ms (cache hit)
201 silly packumentCache full:https://registry.npmjs.org/statuses set size:37117 disposed:false
202 silly fetch manifest forwarded@0.2.0
203 silly packumentCache full:https://registry.npmjs.org/forwarded cache-miss
204 http fetch GET 200 https://registry.npmjs.org/inherits 129ms (cache miss)
205 silly packumentCache full:https://registry.npmjs.org/inherits set size:undefined disposed:false
206 silly fetch manifest ipaddr.js@1.9.1
207 silly packumentCache full:https://registry.npmjs.org/ipaddr.js cache-miss
208 http fetch GET 200 https://registry.npmjs.org/toidentifier 103ms (cache miss)
209 silly packumentCache full:https://registry.npmjs.org/toidentifier set size:undefined disposed:false
210 silly fetch manifest side-channel@^1.1.0
211 silly packumentCache full:https://registry.npmjs.org/side-channel cache-miss
212 http fetch GET 200 https://registry.npmjs.org/setprototypeof 125ms (cache miss)
213 silly packumentCache full:https://registry.npmjs.org/setprototypeof set size:undefined disposed:false
214 silly fetch manifest depd@^2.0.0
215 silly packumentCache full:https://registry.npmjs.org/depd cache-miss
216 http fetch GET 200 https://registry.npmjs.org/mime-db 153ms (cache miss)
217 silly packumentCache full:https://registry.npmjs.org/mime-db set size:undefined disposed:false
218 silly fetch manifest is-promise@^4.0.0
219 silly packumentCache full:https://registry.npmjs.org/is-promise cache-miss
220 http cache https://registry.npmjs.org/depd 64ms (cache hit)
221 silly packumentCache full:https://registry.npmjs.org/depd set size:40182 disposed:false
222 silly fetch manifest path-to-regexp@^8.0.0
223 silly packumentCache full:https://registry.npmjs.org/path-to-regexp cache-miss
224 http fetch GET 200 https://registry.npmjs.org/wrappy 171ms (cache miss)
225 silly packumentCache full:https://registry.npmjs.org/wrappy set size:undefined disposed:false
226 silly fetch manifest media-typer@^1.1.0
227 silly packumentCache full:https://registry.npmjs.org/media-typer cache-miss
228 http fetch GET 200 https://registry.npmjs.org/forwarded 172ms (cache miss)
229 silly packumentCache full:https://registry.npmjs.org/forwarded set size:undefined disposed:false
230 http fetch GET 200 https://registry.npmjs.org/ee-first 200ms (cache miss)
231 silly packumentCache full:https://registry.npmjs.org/ee-first set size:undefined disposed:false
232 http fetch GET 200 https://registry.npmjs.org/ipaddr.js 174ms (cache miss)
233 silly packumentCache full:https://registry.npmjs.org/ipaddr.js set size:undefined disposed:false
234 http fetch GET 200 https://registry.npmjs.org/side-channel 145ms (cache miss)
235 silly packumentCache full:https://registry.npmjs.org/side-channel set size:undefined disposed:false
236 http fetch GET 200 https://registry.npmjs.org/is-promise 111ms (cache miss)
237 silly packumentCache full:https://registry.npmjs.org/is-promise set size:undefined disposed:false
238 http fetch GET 200 https://registry.npmjs.org/path-to-regexp 138ms (cache miss)
239 silly packumentCache full:https://registry.npmjs.org/path-to-regexp set size:undefined disposed:false
240 http fetch GET 200 https://registry.npmjs.org/media-typer 133ms (cache miss)
241 silly packumentCache full:https://registry.npmjs.org/media-typer set size:undefined disposed:false
242 silly placeDep ROOT negotiator@1.0.0 OK for: accepts@2.0.0 want: ^1.0.0
243 silly placeDep ROOT bytes@3.1.2 OK for: body-parser@2.2.0 want: ^3.1.2
244 silly placeDep ROOT iconv-lite@0.6.3 OK for: body-parser@2.2.0 want: ^0.6.3
245 silly placeDep ROOT raw-body@3.0.0 OK for: body-parser@2.2.0 want: ^3.0.0
246 silly fetch manifest safer-buffer@>= 2.1.2 < 3.0.0
247 silly packumentCache full:https://registry.npmjs.org/safer-buffer cache-miss
248 silly fetch manifest unpipe@1.0.0
249 silly packumentCache full:https://registry.npmjs.org/unpipe cache-miss
250 http fetch GET 200 https://registry.npmjs.org/safer-buffer 111ms (cache miss)
251 silly packumentCache full:https://registry.npmjs.org/safer-buffer set size:undefined disposed:false
252 http fetch GET 200 https://registry.npmjs.org/unpipe 111ms (cache miss)
253 silly packumentCache full:https://registry.npmjs.org/unpipe set size:undefined disposed:false
254 silly placeDep ROOT safe-buffer@5.2.1 OK for: content-disposition@1.0.0 want: 5.2.1
255 silly placeDep ROOT ms@2.1.3 OK for: debug@4.4.1 want: ^2.1.3
256 silly placeDep ROOT depd@2.0.0 OK for: http-errors@2.0.0 want: 2.0.0
257 silly placeDep ROOT inherits@2.0.4 OK for: http-errors@2.0.0 want: 2.0.4
258 silly placeDep ROOT setprototypeof@1.2.0 OK for: http-errors@2.0.0 want: 1.2.0
259 silly placeDep node_modules/http-errors statuses@2.0.1 OK for: http-errors@2.0.0 want: 2.0.1
260 silly placeDep ROOT toidentifier@1.0.1 OK for: http-errors@2.0.0 want: 1.0.1
261 silly placeDep ROOT safer-buffer@2.1.2 OK for: iconv-lite@0.6.3 want: >= 2.1.2 < 3.0.0
262 silly placeDep ROOT mime-db@1.54.0 OK for: mime-types@3.0.1 want: ^1.54.0
263 silly placeDep ROOT ee-first@1.1.1 OK for: on-finished@2.4.1 want: 1.1.1
264 silly placeDep ROOT wrappy@1.0.2 OK for: once@1.4.0 want: 1
265 silly placeDep ROOT forwarded@0.2.0 OK for: proxy-addr@2.0.7 want: 0.2.0
266 silly placeDep ROOT ipaddr.js@1.9.1 OK for: proxy-addr@2.0.7 want: 1.9.1
267 silly placeDep ROOT side-channel@1.1.0 OK for: qs@6.14.0 want: ^1.1.0
268 silly fetch manifest es-errors@^1.3.0
269 silly packumentCache full:https://registry.npmjs.org/es-errors cache-miss
270 silly fetch manifest object-inspect@^1.13.3
271 silly packumentCache full:https://registry.npmjs.org/object-inspect cache-miss
272 silly fetch manifest side-channel-list@^1.0.0
273 silly packumentCache full:https://registry.npmjs.org/side-channel-list cache-miss
274 silly fetch manifest side-channel-map@^1.0.1
275 silly packumentCache full:https://registry.npmjs.org/side-channel-map cache-miss
276 silly fetch manifest side-channel-weakmap@^1.0.2
277 silly packumentCache full:https://registry.npmjs.org/side-channel-weakmap cache-miss
278 http fetch GET 200 https://registry.npmjs.org/es-errors 124ms (cache miss)
279 silly packumentCache full:https://registry.npmjs.org/es-errors set size:undefined disposed:false
280 http fetch GET 200 https://registry.npmjs.org/object-inspect 140ms (cache miss)
281 silly packumentCache full:https://registry.npmjs.org/object-inspect set size:undefined disposed:false
282 http fetch GET 200 https://registry.npmjs.org/side-channel-weakmap 150ms (cache miss)
283 silly packumentCache full:https://registry.npmjs.org/side-channel-weakmap set size:undefined disposed:false
284 http fetch GET 200 https://registry.npmjs.org/side-channel-list 155ms (cache miss)
285 silly packumentCache full:https://registry.npmjs.org/side-channel-list set size:undefined disposed:false
286 http fetch GET 200 https://registry.npmjs.org/side-channel-map 157ms (cache miss)
287 silly packumentCache full:https://registry.npmjs.org/side-channel-map set size:undefined disposed:false
288 silly placeDep ROOT unpipe@1.0.0 OK for: raw-body@3.0.0 want: 1.0.0
289 silly placeDep ROOT is-promise@4.0.0 OK for: router@2.2.0 want: ^4.0.0
290 silly placeDep ROOT path-to-regexp@8.2.0 OK for: router@2.2.0 want: ^8.0.0
291 silly placeDep ROOT es-errors@1.3.0 OK for: side-channel@1.1.0 want: ^1.3.0
292 silly placeDep ROOT object-inspect@1.13.4 OK for: side-channel@1.1.0 want: ^1.13.3
293 silly placeDep ROOT side-channel-list@1.0.0 OK for: side-channel@1.1.0 want: ^1.0.0
294 silly placeDep ROOT side-channel-map@1.0.1 OK for: side-channel@1.1.0 want: ^1.0.1
295 silly placeDep ROOT side-channel-weakmap@1.0.2 OK for: side-channel@1.1.0 want: ^1.0.2
296 silly fetch manifest call-bound@^1.0.2
297 silly packumentCache full:https://registry.npmjs.org/call-bound cache-miss
298 silly fetch manifest get-intrinsic@^1.2.5
299 silly packumentCache full:https://registry.npmjs.org/get-intrinsic cache-miss
300 silly fetch manifest call-bound@^1.0.2
301 silly packumentCache full:https://registry.npmjs.org/call-bound cache-miss
302 silly fetch manifest get-intrinsic@^1.2.5
303 silly packumentCache full:https://registry.npmjs.org/get-intrinsic cache-miss
304 http fetch GET 200 https://registry.npmjs.org/call-bound 133ms (cache miss)
305 silly packumentCache full:https://registry.npmjs.org/call-bound set size:undefined disposed:false
306 http fetch GET 200 https://registry.npmjs.org/call-bound 152ms (cache miss)
307 silly packumentCache full:https://registry.npmjs.org/call-bound set size:undefined disposed:false
308 http fetch GET 200 https://registry.npmjs.org/get-intrinsic 158ms (cache miss)
309 silly packumentCache full:https://registry.npmjs.org/get-intrinsic set size:undefined disposed:false
310 http fetch GET 200 https://registry.npmjs.org/get-intrinsic 167ms (cache miss)
311 silly packumentCache full:https://registry.npmjs.org/get-intrinsic set size:undefined disposed:false
312 silly placeDep ROOT call-bound@1.0.4 OK for: side-channel-map@1.0.1 want: ^1.0.2
313 silly placeDep ROOT get-intrinsic@1.3.0 OK for: side-channel-map@1.0.1 want: ^1.2.5
314 silly fetch manifest call-bind-apply-helpers@^1.0.2
315 silly packumentCache full:https://registry.npmjs.org/call-bind-apply-helpers cache-miss
316 silly fetch manifest get-intrinsic@^1.3.0
317 silly packumentCache full:https://registry.npmjs.org/get-intrinsic cache-miss
318 silly fetch manifest call-bind-apply-helpers@^1.0.2
319 silly packumentCache full:https://registry.npmjs.org/call-bind-apply-helpers cache-miss
320 silly fetch manifest es-define-property@^1.0.1
321 silly packumentCache full:https://registry.npmjs.org/es-define-property cache-miss
322 silly fetch manifest es-object-atoms@^1.1.1
323 silly packumentCache full:https://registry.npmjs.org/es-object-atoms cache-miss
324 silly fetch manifest function-bind@^1.1.2
325 silly packumentCache full:https://registry.npmjs.org/function-bind cache-miss
326 silly fetch manifest get-proto@^1.0.1
327 silly packumentCache full:https://registry.npmjs.org/get-proto cache-miss
328 http cache https://registry.npmjs.org/get-intrinsic 32ms (cache hit)
329 silly packumentCache full:https://registry.npmjs.org/get-intrinsic set size:57687 disposed:false
330 silly fetch manifest gopd@^1.2.0
331 silly packumentCache full:https://registry.npmjs.org/gopd cache-miss
332 http fetch GET 200 https://registry.npmjs.org/call-bind-apply-helpers 132ms (cache miss)
333 silly packumentCache full:https://registry.npmjs.org/call-bind-apply-helpers set size:undefined disposed:false
334 silly fetch manifest has-symbols@^1.1.0
335 silly packumentCache full:https://registry.npmjs.org/has-symbols cache-miss
336 http fetch GET 200 https://registry.npmjs.org/call-bind-apply-helpers 137ms (cache miss)
337 silly packumentCache full:https://registry.npmjs.org/call-bind-apply-helpers set size:undefined disposed:false
338 silly fetch manifest hasown@^2.0.2
339 silly packumentCache full:https://registry.npmjs.org/hasown cache-miss
340 http fetch GET 200 https://registry.npmjs.org/function-bind 136ms (cache miss)
341 silly packumentCache full:https://registry.npmjs.org/function-bind set size:undefined disposed:false
342 silly fetch manifest math-intrinsics@^1.1.0
343 silly packumentCache full:https://registry.npmjs.org/math-intrinsics cache-miss
344 http fetch GET 200 https://registry.npmjs.org/get-proto 147ms (cache miss)
345 silly packumentCache full:https://registry.npmjs.org/get-proto set size:undefined disposed:false
346 http fetch GET 200 https://registry.npmjs.org/es-object-atoms 151ms (cache miss)
347 silly packumentCache full:https://registry.npmjs.org/es-object-atoms set size:undefined disposed:false
348 http fetch GET 200 https://registry.npmjs.org/gopd 122ms (cache miss)
349 silly packumentCache full:https://registry.npmjs.org/gopd set size:undefined disposed:false
350 http fetch GET 200 https://registry.npmjs.org/es-define-property 158ms (cache miss)
351 silly packumentCache full:https://registry.npmjs.org/es-define-property set size:undefined disposed:false
352 http fetch GET 200 https://registry.npmjs.org/has-symbols 88ms (cache miss)
353 silly packumentCache full:https://registry.npmjs.org/has-symbols set size:undefined disposed:false
354 http fetch GET 200 https://registry.npmjs.org/hasown 95ms (cache miss)
355 silly packumentCache full:https://registry.npmjs.org/hasown set size:undefined disposed:false
356 http fetch GET 200 https://registry.npmjs.org/math-intrinsics 95ms (cache miss)
357 silly packumentCache full:https://registry.npmjs.org/math-intrinsics set size:undefined disposed:false
358 silly placeDep ROOT call-bind-apply-helpers@1.0.2 OK for: call-bound@1.0.4 want: ^1.0.2
359 silly placeDep ROOT function-bind@1.1.2 OK for: call-bind-apply-helpers@1.0.2 want: ^1.1.2
360 silly placeDep ROOT es-define-property@1.0.1 OK for: get-intrinsic@1.3.0 want: ^1.0.1
361 silly placeDep ROOT es-object-atoms@1.1.1 OK for: get-intrinsic@1.3.0 want: ^1.1.1
362 silly placeDep ROOT get-proto@1.0.1 OK for: get-intrinsic@1.3.0 want: ^1.0.1
363 silly placeDep ROOT gopd@1.2.0 OK for: get-intrinsic@1.3.0 want: ^1.2.0
364 silly placeDep ROOT has-symbols@1.1.0 OK for: get-intrinsic@1.3.0 want: ^1.1.0
365 silly placeDep ROOT hasown@2.0.2 OK for: get-intrinsic@1.3.0 want: ^2.0.2
366 silly placeDep ROOT math-intrinsics@1.1.0 OK for: get-intrinsic@1.3.0 want: ^1.1.0
367 silly fetch manifest dunder-proto@^1.0.1
368 silly packumentCache full:https://registry.npmjs.org/dunder-proto cache-miss
369 http fetch GET 200 https://registry.npmjs.org/dunder-proto 94ms (cache miss)
370 silly packumentCache full:https://registry.npmjs.org/dunder-proto set size:undefined disposed:false
371 silly placeDep ROOT dunder-proto@1.0.1 OK for: get-proto@1.0.1 want: ^1.0.1
372 silly placeDep ROOT media-typer@1.1.0 OK for: type-is@2.0.1 want: ^1.1.0
373 silly reify moves {}
374 http cache media-typer@https://registry.npmjs.org/media-typer/-/media-typer-1.1.0.tgz 0ms (cache hit)
375 http cache dunder-proto@https://registry.npmjs.org/dunder-proto/-/dunder-proto-1.0.1.tgz 0ms (cache hit)
376 http cache math-intrinsics@https://registry.npmjs.org/math-intrinsics/-/math-intrinsics-1.1.0.tgz 1ms (cache hit)
377 http cache hasown@https://registry.npmjs.org/hasown/-/hasown-2.0.2.tgz 0ms (cache hit)
378 http cache gopd@https://registry.npmjs.org/gopd/-/gopd-1.2.0.tgz 0ms (cache hit)
379 http cache es-object-atoms@https://registry.npmjs.org/es-object-atoms/-/es-object-atoms-1.1.1.tgz 0ms (cache hit)
380 http cache has-symbols@https://registry.npmjs.org/has-symbols/-/has-symbols-1.1.0.tgz 0ms (cache hit)
381 http cache es-define-property@https://registry.npmjs.org/es-define-property/-/es-define-property-1.0.1.tgz 0ms (cache hit)
382 http cache get-proto@https://registry.npmjs.org/get-proto/-/get-proto-1.0.1.tgz 1ms (cache hit)
383 http cache call-bind-apply-helpers@https://registry.npmjs.org/call-bind-apply-helpers/-/call-bind-apply-helpers-1.0.2.tgz 0ms (cache hit)
384 http cache function-bind@https://registry.npmjs.org/function-bind/-/function-bind-1.1.2.tgz 0ms (cache hit)
385 http cache call-bound@https://registry.npmjs.org/call-bound/-/call-bound-1.0.4.tgz 0ms (cache hit)
386 http cache get-intrinsic@https://registry.npmjs.org/get-intrinsic/-/get-intrinsic-1.3.0.tgz 0ms (cache hit)
387 http cache side-channel-map@https://registry.npmjs.org/side-channel-map/-/side-channel-map-1.0.1.tgz 0ms (cache hit)
388 http cache side-channel-weakmap@https://registry.npmjs.org/side-channel-weakmap/-/side-channel-weakmap-1.0.2.tgz 0ms (cache hit)
389 http cache object-inspect@https://registry.npmjs.org/object-inspect/-/object-inspect-1.13.4.tgz 0ms (cache hit)
390 http cache side-channel-list@https://registry.npmjs.org/side-channel-list/-/side-channel-list-1.0.0.tgz 0ms (cache hit)
391 http cache path-to-regexp@https://registry.npmjs.org/path-to-regexp/-/path-to-regexp-8.2.0.tgz 0ms (cache hit)
392 http cache es-errors@https://registry.npmjs.org/es-errors/-/es-errors-1.3.0.tgz 0ms (cache hit)
393 http cache unpipe@https://registry.npmjs.org/unpipe/-/unpipe-1.0.0.tgz 0ms (cache hit)
394 http cache is-promise@https://registry.npmjs.org/is-promise/-/is-promise-4.0.0.tgz 0ms (cache hit)
395 http cache ipaddr.js@https://registry.npmjs.org/ipaddr.js/-/ipaddr.js-1.9.1.tgz 0ms (cache hit)
396 http cache side-channel@https://registry.npmjs.org/side-channel/-/side-channel-1.1.0.tgz 0ms (cache hit)
397 http cache wrappy@https://registry.npmjs.org/wrappy/-/wrappy-1.0.2.tgz 0ms (cache hit)
398 http cache forwarded@https://registry.npmjs.org/forwarded/-/forwarded-0.2.0.tgz 0ms (cache hit)
399 http cache mime-db@https://registry.npmjs.org/mime-db/-/mime-db-1.54.0.tgz 0ms (cache hit)
400 http cache ee-first@https://registry.npmjs.org/ee-first/-/ee-first-1.1.1.tgz 0ms (cache hit)
401 http cache toidentifier@https://registry.npmjs.org/toidentifier/-/toidentifier-1.0.1.tgz 1ms (cache hit)
402 http cache safer-buffer@https://registry.npmjs.org/safer-buffer/-/safer-buffer-2.1.2.tgz 0ms (cache hit)
403 http cache inherits@https://registry.npmjs.org/inherits/-/inherits-2.0.4.tgz 0ms (cache hit)
404 http cache setprototypeof@https://registry.npmjs.org/setprototypeof/-/setprototypeof-1.2.0.tgz 0ms (cache hit)
405 http cache ms@https://registry.npmjs.org/ms/-/ms-2.1.3.tgz 0ms (cache hit)
406 http cache depd@https://registry.npmjs.org/depd/-/depd-2.0.0.tgz 0ms (cache hit)
407 http cache safe-buffer@https://registry.npmjs.org/safe-buffer/-/safe-buffer-5.2.1.tgz 0ms (cache hit)
408 http cache iconv-lite@https://registry.npmjs.org/iconv-lite/-/iconv-lite-0.6.3.tgz 0ms (cache hit)
409 http cache bytes@https://registry.npmjs.org/bytes/-/bytes-3.1.2.tgz 0ms (cache hit)
410 http cache raw-body@https://registry.npmjs.org/raw-body/-/raw-body-3.0.0.tgz 0ms (cache hit)
411 http cache negotiator@https://registry.npmjs.org/negotiator/-/negotiator-1.0.0.tgz 0ms (cache hit)
412 http cache type-is@https://registry.npmjs.org/type-is/-/type-is-2.0.1.tgz 0ms (cache hit)
413 http cache vary@https://registry.npmjs.org/vary/-/vary-1.1.2.tgz 0ms (cache hit)
414 http cache serve-static@https://registry.npmjs.org/serve-static/-/serve-static-2.2.0.tgz 0ms (cache hit)
415 http cache statuses@https://registry.npmjs.org/statuses/-/statuses-2.0.2.tgz 0ms (cache hit)
416 http cache send@https://registry.npmjs.org/send/-/send-1.2.0.tgz 0ms (cache hit)
417 http cache router@https://registry.npmjs.org/router/-/router-2.2.0.tgz 0ms (cache hit)
418 http cache range-parser@https://registry.npmjs.org/range-parser/-/range-parser-1.2.1.tgz 0ms (cache hit)
419 http cache proxy-addr@https://registry.npmjs.org/proxy-addr/-/proxy-addr-2.0.7.tgz 0ms (cache hit)
420 http cache qs@https://registry.npmjs.org/qs/-/qs-6.14.0.tgz 0ms (cache hit)
421 http cache once@https://registry.npmjs.org/once/-/once-1.4.0.tgz 0ms (cache hit)
422 http cache parseurl@https://registry.npmjs.org/parseurl/-/parseurl-1.3.3.tgz 0ms (cache hit)
423 http cache mime-types@https://registry.npmjs.org/mime-types/-/mime-types-3.0.1.tgz 0ms (cache hit)
424 http cache on-finished@https://registry.npmjs.org/on-finished/-/on-finished-2.4.1.tgz 0ms (cache hit)
425 http cache http-errors@https://registry.npmjs.org/http-errors/-/http-errors-2.0.0.tgz 0ms (cache hit)
426 http cache merge-descriptors@https://registry.npmjs.org/merge-descriptors/-/merge-descriptors-2.0.0.tgz 0ms (cache hit)
427 http cache finalhandler@https://registry.npmjs.org/finalhandler/-/finalhandler-2.1.0.tgz 0ms (cache hit)
428 http cache fresh@https://registry.npmjs.org/fresh/-/fresh-2.0.0.tgz 0ms (cache hit)
429 http cache escape-html@https://registry.npmjs.org/escape-html/-/escape-html-1.0.3.tgz 0ms (cache hit)
430 http cache etag@https://registry.npmjs.org/etag/-/etag-1.8.1.tgz 0ms (cache hit)
431 http cache debug@https://registry.npmjs.org/debug/-/debug-4.4.1.tgz 0ms (cache hit)
432 http cache encodeurl@https://registry.npmjs.org/encodeurl/-/encodeurl-2.0.0.tgz 0ms (cache hit)
433 http cache cookie@https://registry.npmjs.org/cookie/-/cookie-0.7.2.tgz 0ms (cache hit)
434 http cache cookie-signature@https://registry.npmjs.org/cookie-signature/-/cookie-signature-1.2.2.tgz 0ms (cache hit)
435 http cache content-disposition@https://registry.npmjs.org/content-disposition/-/content-disposition-1.0.0.tgz 0ms (cache hit)
436 http cache content-type@https://registry.npmjs.org/content-type/-/content-type-1.0.5.tgz 0ms (cache hit)
437 http cache accepts@https://registry.npmjs.org/accepts/-/accepts-2.0.0.tgz 0ms (cache hit)
438 http cache body-parser@https://registry.npmjs.org/body-parser/-/body-parser-2.2.0.tgz 0ms (cache hit)
439 http cache statuses@https://registry.npmjs.org/statuses/-/statuses-2.0.1.tgz 0ms (cache hit)
440 http cache express@https://registry.npmjs.org/express/-/express-5.1.0.tgz 0ms (cache hit)
441 silly tarball no local data for media-typer@https://registry.npmjs.org/media-typer/-/media-typer-1.1.0.tgz. Extracting by manifest.
442 silly tarball no local data for dunder-proto@https://registry.npmjs.org/dunder-proto/-/dunder-proto-1.0.1.tgz. Extracting by manifest.
443 silly tarball no local data for math-intrinsics@https://registry.npmjs.org/math-intrinsics/-/math-intrinsics-1.1.0.tgz. Extracting by manifest.
444 silly tarball no local data for hasown@https://registry.npmjs.org/hasown/-/hasown-2.0.2.tgz. Extracting by manifest.
445 silly tarball no local data for gopd@https://registry.npmjs.org/gopd/-/gopd-1.2.0.tgz. Extracting by manifest.
446 silly tarball no local data for es-object-atoms@https://registry.npmjs.org/es-object-atoms/-/es-object-atoms-1.1.1.tgz. Extracting by manifest.
447 silly tarball no local data for has-symbols@https://registry.npmjs.org/has-symbols/-/has-symbols-1.1.0.tgz. Extracting by manifest.
448 silly tarball no local data for es-define-property@https://registry.npmjs.org/es-define-property/-/es-define-property-1.0.1.tgz. Extracting by manifest.
449 silly tarball no local data for get-proto@https://registry.npmjs.org/get-proto/-/get-proto-1.0.1.tgz. Extracting by manifest.
450 silly tarball no local data for call-bind-apply-helpers@https://registry.npmjs.org/call-bind-apply-helpers/-/call-bind-apply-helpers-1.0.2.tgz. Extracting by manifest.
451 silly tarball no local data for function-bind@https://registry.npmjs.org/function-bind/-/function-bind-1.1.2.tgz. Extracting by manifest.
452 silly tarball no local data for call-bound@https://registry.npmjs.org/call-bound/-/call-bound-1.0.4.tgz. Extracting by manifest.
453 silly tarball no local data for get-intrinsic@https://registry.npmjs.org/get-intrinsic/-/get-intrinsic-1.3.0.tgz. Extracting by manifest.
454 silly tarball no local data for side-channel-map@https://registry.npmjs.org/side-channel-map/-/side-channel-map-1.0.1.tgz. Extracting by manifest.
455 silly tarball no local data for side-channel-weakmap@https://registry.npmjs.org/side-channel-weakmap/-/side-channel-weakmap-1.0.2.tgz. Extracting by manifest.
456 silly tarball no local data for object-inspect@https://registry.npmjs.org/object-inspect/-/object-inspect-1.13.4.tgz. Extracting by manifest.
457 silly tarball no local data for side-channel-list@https://registry.npmjs.org/side-channel-list/-/side-channel-list-1.0.0.tgz. Extracting by manifest.
458 silly tarball no local data for path-to-regexp@https://registry.npmjs.org/path-to-regexp/-/path-to-regexp-8.2.0.tgz. Extracting by manifest.
459 silly tarball no local data for es-errors@https://registry.npmjs.org/es-errors/-/es-errors-1.3.0.tgz. Extracting by manifest.
460 silly tarball no local data for unpipe@https://registry.npmjs.org/unpipe/-/unpipe-1.0.0.tgz. Extracting by manifest.
461 silly tarball no local data for is-promise@https://registry.npmjs.org/is-promise/-/is-promise-4.0.0.tgz. Extracting by manifest.
462 silly tarball no local data for ipaddr.js@https://registry.npmjs.org/ipaddr.js/-/ipaddr.js-1.9.1.tgz. Extracting by manifest.
463 silly tarball no local data for side-channel@https://registry.npmjs.org/side-channel/-/side-channel-1.1.0.tgz. Extracting by manifest.
464 silly tarball no local data for wrappy@https://registry.npmjs.org/wrappy/-/wrappy-1.0.2.tgz. Extracting by manifest.
465 silly tarball no local data for forwarded@https://registry.npmjs.org/forwarded/-/forwarded-0.2.0.tgz. Extracting by manifest.
466 silly tarball no local data for mime-db@https://registry.npmjs.org/mime-db/-/mime-db-1.54.0.tgz. Extracting by manifest.
467 silly tarball no local data for ee-first@https://registry.npmjs.org/ee-first/-/ee-first-1.1.1.tgz. Extracting by manifest.
468 silly tarball no local data for toidentifier@https://registry.npmjs.org/toidentifier/-/toidentifier-1.0.1.tgz. Extracting by manifest.
469 silly tarball no local data for safer-buffer@https://registry.npmjs.org/safer-buffer/-/safer-buffer-2.1.2.tgz. Extracting by manifest.
470 silly tarball no local data for inherits@https://registry.npmjs.org/inherits/-/inherits-2.0.4.tgz. Extracting by manifest.
471 silly tarball no local data for setprototypeof@https://registry.npmjs.org/setprototypeof/-/setprototypeof-1.2.0.tgz. Extracting by manifest.
472 silly tarball no local data for ms@https://registry.npmjs.org/ms/-/ms-2.1.3.tgz. Extracting by manifest.
473 silly tarball no local data for depd@https://registry.npmjs.org/depd/-/depd-2.0.0.tgz. Extracting by manifest.
474 silly tarball no local data for safe-buffer@https://registry.npmjs.org/safe-buffer/-/safe-buffer-5.2.1.tgz. Extracting by manifest.
475 silly tarball no local data for iconv-lite@https://registry.npmjs.org/iconv-lite/-/iconv-lite-0.6.3.tgz. Extracting by manifest.
476 silly tarball no local data for bytes@https://registry.npmjs.org/bytes/-/bytes-3.1.2.tgz. Extracting by manifest.
477 silly tarball no local data for raw-body@https://registry.npmjs.org/raw-body/-/raw-body-3.0.0.tgz. Extracting by manifest.
478 silly tarball no local data for negotiator@https://registry.npmjs.org/negotiator/-/negotiator-1.0.0.tgz. Extracting by manifest.
479 silly tarball no local data for type-is@https://registry.npmjs.org/type-is/-/type-is-2.0.1.tgz. Extracting by manifest.
480 silly tarball no local data for vary@https://registry.npmjs.org/vary/-/vary-1.1.2.tgz. Extracting by manifest.
481 silly tarball no local data for serve-static@https://registry.npmjs.org/serve-static/-/serve-static-2.2.0.tgz. Extracting by manifest.
482 silly tarball no local data for statuses@https://registry.npmjs.org/statuses/-/statuses-2.0.2.tgz. Extracting by manifest.
483 silly tarball no local data for send@https://registry.npmjs.org/send/-/send-1.2.0.tgz. Extracting by manifest.
484 silly tarball no local data for router@https://registry.npmjs.org/router/-/router-2.2.0.tgz. Extracting by manifest.
485 silly tarball no local data for range-parser@https://registry.npmjs.org/range-parser/-/range-parser-1.2.1.tgz. Extracting by manifest.
486 silly tarball no local data for proxy-addr@https://registry.npmjs.org/proxy-addr/-/proxy-addr-2.0.7.tgz. Extracting by manifest.
487 silly tarball no local data for qs@https://registry.npmjs.org/qs/-/qs-6.14.0.tgz. Extracting by manifest.
488 silly tarball no local data for once@https://registry.npmjs.org/once/-/once-1.4.0.tgz. Extracting by manifest.
489 silly tarball no local data for parseurl@https://registry.npmjs.org/parseurl/-/parseurl-1.3.3.tgz. Extracting by manifest.
490 silly tarball no local data for mime-types@https://registry.npmjs.org/mime-types/-/mime-types-3.0.1.tgz. Extracting by manifest.
491 silly tarball no local data for on-finished@https://registry.npmjs.org/on-finished/-/on-finished-2.4.1.tgz. Extracting by manifest.
492 silly tarball no local data for http-errors@https://registry.npmjs.org/http-errors/-/http-errors-2.0.0.tgz. Extracting by manifest.
493 silly tarball no local data for merge-descriptors@https://registry.npmjs.org/merge-descriptors/-/merge-descriptors-2.0.0.tgz. Extracting by manifest.
494 silly tarball no local data for finalhandler@https://registry.npmjs.org/finalhandler/-/finalhandler-2.1.0.tgz. Extracting by manifest.
495 silly tarball no local data for fresh@https://registry.npmjs.org/fresh/-/fresh-2.0.0.tgz. Extracting by manifest.
496 silly tarball no local data for escape-html@https://registry.npmjs.org/escape-html/-/escape-html-1.0.3.tgz. Extracting by manifest.
497 silly tarball no local data for etag@https://registry.npmjs.org/etag/-/etag-1.8.1.tgz. Extracting by manifest.
498 silly tarball no local data for debug@https://registry.npmjs.org/debug/-/debug-4.4.1.tgz. Extracting by manifest.
499 silly tarball no local data for encodeurl@https://registry.npmjs.org/encodeurl/-/encodeurl-2.0.0.tgz. Extracting by manifest.
500 silly tarball no local data for cookie@https://registry.npmjs.org/cookie/-/cookie-0.7.2.tgz. Extracting by manifest.
501 silly tarball no local data for cookie-signature@https://registry.npmjs.org/cookie-signature/-/cookie-signature-1.2.2.tgz. Extracting by manifest.
502 silly tarball no local data for content-disposition@https://registry.npmjs.org/content-disposition/-/content-disposition-1.0.0.tgz. Extracting by manifest.
503 silly tarball no local data for content-type@https://registry.npmjs.org/content-type/-/content-type-1.0.5.tgz. Extracting by manifest.
504 silly tarball no local data for accepts@https://registry.npmjs.org/accepts/-/accepts-2.0.0.tgz. Extracting by manifest.
505 silly tarball no local data for body-parser@https://registry.npmjs.org/body-parser/-/body-parser-2.2.0.tgz. Extracting by manifest.
506 silly tarball no local data for statuses@https://registry.npmjs.org/statuses/-/statuses-2.0.1.tgz. Extracting by manifest.
507 silly tarball no local data for express@https://registry.npmjs.org/express/-/express-5.1.0.tgz. Extracting by manifest.
508 http fetch GET 200 https://registry.npmjs.org/es-object-atoms/-/es-object-atoms-1.1.1.tgz 585ms (cache miss)
509 http fetch GET 200 https://registry.npmjs.org/dunder-proto/-/dunder-proto-1.0.1.tgz 596ms (cache miss)
510 http fetch GET 200 https://registry.npmjs.org/gopd/-/gopd-1.2.0.tgz 635ms (cache miss)
511 http fetch GET 200 https://registry.npmjs.org/hasown/-/hasown-2.0.2.tgz 639ms (cache miss)
512 http fetch GET 200 https://registry.npmjs.org/media-typer/-/media-typer-1.1.0.tgz 647ms (cache miss)
513 http fetch GET 200 https://registry.npmjs.org/has-symbols/-/has-symbols-1.1.0.tgz 781ms (cache miss)
514 http fetch GET 200 https://registry.npmjs.org/side-channel-list/-/side-channel-list-1.0.0.tgz 813ms (cache miss)
515 http fetch GET 200 https://registry.npmjs.org/es-errors/-/es-errors-1.3.0.tgz 843ms (cache miss)
516 http fetch GET 200 https://registry.npmjs.org/is-promise/-/is-promise-4.0.0.tgz 843ms (cache miss)
517 http fetch GET 200 https://registry.npmjs.org/path-to-regexp/-/path-to-regexp-8.2.0.tgz 879ms (cache miss)
518 http fetch GET 200 https://registry.npmjs.org/unpipe/-/unpipe-1.0.0.tgz 913ms (cache miss)
519 http fetch GET 200 https://registry.npmjs.org/side-channel/-/side-channel-1.1.0.tgz 911ms (cache miss)
520 http fetch GET 200 https://registry.npmjs.org/ipaddr.js/-/ipaddr.js-1.9.1.tgz 956ms (cache miss)
521 http fetch GET 200 https://registry.npmjs.org/forwarded/-/forwarded-0.2.0.tgz 954ms (cache miss)
522 http fetch GET 200 https://registry.npmjs.org/toidentifier/-/toidentifier-1.0.1.tgz 1032ms (cache miss)
523 http fetch GET 200 https://registry.npmjs.org/wrappy/-/wrappy-1.0.2.tgz 1039ms (cache miss)
524 http fetch GET 200 https://registry.npmjs.org/ee-first/-/ee-first-1.1.1.tgz 1084ms (cache miss)
525 http fetch GET 200 https://registry.npmjs.org/inherits/-/inherits-2.0.4.tgz 1120ms (cache miss)
526 http fetch GET 200 https://registry.npmjs.org/safe-buffer/-/safe-buffer-5.2.1.tgz 1117ms (cache miss)
527 http fetch GET 200 https://registry.npmjs.org/mime-db/-/mime-db-1.54.0.tgz 1144ms (cache miss)
528 http fetch GET 200 https://registry.npmjs.org/safer-buffer/-/safer-buffer-2.1.2.tgz 1140ms (cache miss)
529 http fetch GET 200 https://registry.npmjs.org/setprototypeof/-/setprototypeof-1.2.0.tgz 1140ms (cache miss)
530 http fetch GET 200 https://registry.npmjs.org/ms/-/ms-2.1.3.tgz 1140ms (cache miss)
531 http fetch GET 200 https://registry.npmjs.org/get-proto/-/get-proto-1.0.1.tgz 1186ms (cache miss)
532 http fetch GET 200 https://registry.npmjs.org/depd/-/depd-2.0.0.tgz 1153ms (cache miss)
533 http fetch GET 200 https://registry.npmjs.org/side-channel-weakmap/-/side-channel-weakmap-1.0.2.tgz 1194ms (cache miss)
534 http fetch GET 200 https://registry.npmjs.org/es-define-property/-/es-define-property-1.0.1.tgz 1228ms (cache miss)
535 http fetch GET 200 https://registry.npmjs.org/side-channel-map/-/side-channel-map-1.0.1.tgz 1231ms (cache miss)
536 http fetch GET 200 https://registry.npmjs.org/bytes/-/bytes-3.1.2.tgz 1201ms (cache miss)
537 http fetch GET 200 https://registry.npmjs.org/raw-body/-/raw-body-3.0.0.tgz 1210ms (cache miss)
538 http fetch GET 200 https://registry.npmjs.org/once/-/once-1.4.0.tgz 1197ms (cache miss)
539 http fetch GET 200 https://registry.npmjs.org/math-intrinsics/-/math-intrinsics-1.1.0.tgz 1266ms (cache miss)
540 http fetch GET 200 https://registry.npmjs.org/vary/-/vary-1.1.2.tgz 1216ms (cache miss)
541 http fetch GET 200 https://registry.npmjs.org/proxy-addr/-/proxy-addr-2.0.7.tgz 1208ms (cache miss)
542 http fetch GET 200 https://registry.npmjs.org/on-finished/-/on-finished-2.4.1.tgz 1202ms (cache miss)
543 http fetch GET 200 https://registry.npmjs.org/cookie/-/cookie-0.7.2.tgz 1193ms (cache miss)
544 http fetch GET 200 https://registry.npmjs.org/type-is/-/type-is-2.0.1.tgz 1225ms (cache miss)
545 http fetch GET 200 https://registry.npmjs.org/statuses/-/statuses-2.0.2.tgz 1222ms (cache miss)
546 http fetch GET 200 https://registry.npmjs.org/range-parser/-/range-parser-1.2.1.tgz 1220ms (cache miss)
547 http fetch GET 200 https://registry.npmjs.org/fresh/-/fresh-2.0.0.tgz 1208ms (cache miss)
548 http fetch GET 200 https://registry.npmjs.org/mime-types/-/mime-types-3.0.1.tgz 1221ms (cache miss)
549 http fetch GET 200 https://registry.npmjs.org/http-errors/-/http-errors-2.0.0.tgz 1219ms (cache miss)
550 http fetch GET 200 https://registry.npmjs.org/merge-descriptors/-/merge-descriptors-2.0.0.tgz 1219ms (cache miss)
551 http fetch GET 200 https://registry.npmjs.org/escape-html/-/escape-html-1.0.3.tgz 1216ms (cache miss)
552 http fetch GET 200 https://registry.npmjs.org/call-bind-apply-helpers/-/call-bind-apply-helpers-1.0.2.tgz 1284ms (cache miss)
553 http fetch GET 200 https://registry.npmjs.org/finalhandler/-/finalhandler-2.1.0.tgz 1228ms (cache miss)
554 http fetch GET 200 https://registry.npmjs.org/content-type/-/content-type-1.0.5.tgz 1217ms (cache miss)
555 http fetch GET 200 https://registry.npmjs.org/statuses/-/statuses-2.0.1.tgz 1215ms (cache miss)
556 http fetch GET 200 https://registry.npmjs.org/body-parser/-/body-parser-2.2.0.tgz 1217ms (cache miss)
557 http fetch GET 200 https://registry.npmjs.org/function-bind/-/function-bind-1.1.2.tgz 1292ms (cache miss)
558 http fetch GET 200 https://registry.npmjs.org/parseurl/-/parseurl-1.3.3.tgz 1242ms (cache miss)
559 http fetch GET 200 https://registry.npmjs.org/encodeurl/-/encodeurl-2.0.0.tgz 1229ms (cache miss)
560 http fetch GET 200 https://registry.npmjs.org/content-disposition/-/content-disposition-1.0.0.tgz 1228ms (cache miss)
561 http fetch GET 200 https://registry.npmjs.org/call-bound/-/call-bound-1.0.4.tgz 1298ms (cache miss)
562 http fetch GET 200 https://registry.npmjs.org/cookie-signature/-/cookie-signature-1.2.2.tgz 1245ms (cache miss)
563 http fetch GET 200 https://registry.npmjs.org/etag/-/etag-1.8.1.tgz 1251ms (cache miss)
564 http fetch GET 200 https://registry.npmjs.org/accepts/-/accepts-2.0.0.tgz 1242ms (cache miss)
565 http fetch GET 200 https://registry.npmjs.org/serve-static/-/serve-static-2.2.0.tgz 1274ms (cache miss)
566 http fetch GET 200 https://registry.npmjs.org/negotiator/-/negotiator-1.0.0.tgz 1281ms (cache miss)
567 http fetch GET 200 https://registry.npmjs.org/send/-/send-1.2.0.tgz 1276ms (cache miss)
568 http fetch GET 200 https://registry.npmjs.org/get-intrinsic/-/get-intrinsic-1.3.0.tgz 1320ms (cache miss)
569 http fetch GET 200 https://registry.npmjs.org/object-inspect/-/object-inspect-1.13.4.tgz 1320ms (cache miss)
570 http fetch GET 200 https://registry.npmjs.org/express/-/express-5.1.0.tgz 1256ms (cache miss)
571 http fetch GET 200 https://registry.npmjs.org/router/-/router-2.2.0.tgz 1294ms (cache miss)
572 http fetch GET 200 https://registry.npmjs.org/debug/-/debug-4.4.1.tgz 1279ms (cache miss)
573 http fetch GET 200 https://registry.npmjs.org/iconv-lite/-/iconv-lite-0.6.3.tgz 1339ms (cache miss)
574 http fetch GET 200 https://registry.npmjs.org/qs/-/qs-6.14.0.tgz 1324ms (cache miss)
575 silly ADD node_modules/media-typer
576 silly ADD node_modules/dunder-proto
577 silly ADD node_modules/math-intrinsics
578 silly ADD node_modules/hasown
579 silly ADD node_modules/has-symbols
580 silly ADD node_modules/gopd
581 silly ADD node_modules/get-proto
582 silly ADD node_modules/es-object-atoms
583 silly ADD node_modules/es-define-property
584 silly ADD node_modules/function-bind
585 silly ADD node_modules/call-bind-apply-helpers
586 silly ADD node_modules/get-intrinsic
587 silly ADD node_modules/call-bound
588 silly ADD node_modules/side-channel-weakmap
589 silly ADD node_modules/side-channel-map
590 silly ADD node_modules/side-channel-list
591 silly ADD node_modules/object-inspect
592 silly ADD node_modules/es-errors
593 silly ADD node_modules/path-to-regexp
594 silly ADD node_modules/is-promise
595 silly ADD node_modules/unpipe
596 silly ADD node_modules/side-channel
597 silly ADD node_modules/ipaddr.js
598 silly ADD node_modules/forwarded
599 silly ADD node_modules/wrappy
600 silly ADD node_modules/ee-first
601 silly ADD node_modules/mime-db
602 silly ADD node_modules/safer-buffer
603 silly ADD node_modules/toidentifier
604 silly ADD node_modules/setprototypeof
605 silly ADD node_modules/inherits
606 silly ADD node_modules/depd
607 silly ADD node_modules/ms
608 silly ADD node_modules/safe-buffer
609 silly ADD node_modules/raw-body
610 silly ADD node_modules/iconv-lite
611 silly ADD node_modules/bytes
612 silly ADD node_modules/negotiator
613 silly ADD node_modules/vary
614 silly ADD node_modules/type-is
615 silly ADD node_modules/statuses
616 silly ADD node_modules/serve-static
617 silly ADD node_modules/send
618 silly ADD node_modules/router
619 silly ADD node_modules/range-parser
620 silly ADD node_modules/qs
621 silly ADD node_modules/proxy-addr
622 silly ADD node_modules/parseurl
623 silly ADD node_modules/once
624 silly ADD node_modules/on-finished
625 silly ADD node_modules/mime-types
626 silly ADD node_modules/merge-descriptors
627 silly ADD node_modules/http-errors
628 silly ADD node_modules/http-errors/node_modules/statuses
629 silly ADD node_modules/fresh
630 silly ADD node_modules/finalhandler
631 silly ADD node_modules/etag
632 silly ADD node_modules/escape-html
633 silly ADD node_modules/encodeurl
634 silly ADD node_modules/debug
635 silly ADD node_modules/cookie-signature
636 silly ADD node_modules/cookie
637 silly ADD node_modules/content-type
638 silly ADD node_modules/content-disposition
639 silly ADD node_modules/body-parser
640 silly ADD node_modules/accepts
641 silly ADD node_modules/express
642 verbose cwd /data/data/com.termux/files/home/racer
643 verbose os Linux 4.14.186-g7c18952d3c68
644 verbose node v24.7.0
645 verbose npm  v11.5.1
646 verbose exit 0
647 info ok
